<?xml version="1.0" encoding="UTF-8"?>
<coverage generated="1754230339413" clover="3.2.0">
  <project timestamp="1754230339413" name="All files">
    <metrics statements="295" coveredstatements="286" conditionals="130" coveredconditionals="111" methods="67" coveredmethods="43" elements="492" coveredelements="440" complexity="0" loc="295" ncloc="295" packages="3" files="8" classes="8"/>
    <package name="src">
      <metrics statements="201" coveredstatements="193" conditionals="64" coveredconditionals="49" methods="48" coveredmethods="24"/>
      <file name="RandomJson.ts" path="/home/runner/work/json-random/json-random/src/RandomJson.ts">
        <metrics statements="73" coveredstatements="66" conditionals="44" coveredconditionals="35" methods="17" coveredmethods="15"/>
        <line num="1" count="1" type="stmt"/>
        <line num="25" count="1" type="stmt"/>
        <line num="41" count="1" type="stmt"/>
        <line num="42" count="9711" type="stmt"/>
        <line num="45" count="1" type="stmt"/>
        <line num="143" count="1" type="stmt"/>
        <line num="144" count="1143" type="stmt"/>
        <line num="154" count="1" type="stmt"/>
        <line num="156" count="4" type="stmt"/>
        <line num="157" count="4" type="stmt"/>
        <line num="161" count="8" type="stmt"/>
        <line num="166" count="52" type="cond" truecount="2" falsecount="0"/>
        <line num="173" count="52" type="cond" truecount="0" falsecount="1"/>
        <line num="174" count="52" type="stmt"/>
        <line num="178" count="1102" type="stmt"/>
        <line num="179" count="1143" type="cond" truecount="2" falsecount="0"/>
        <line num="180" count="9686" type="stmt"/>
        <line num="181" count="1102" type="cond" truecount="1" falsecount="0"/>
        <line num="182" count="1077" type="stmt"/>
        <line num="186" count="0" type="stmt"/>
        <line num="187" count="0" type="stmt"/>
        <line num="188" count="0" type="stmt"/>
        <line num="192" count="1" type="stmt"/>
        <line num="200" count="1" type="stmt"/>
        <line num="216" count="6" type="stmt"/>
        <line num="222" count="6" type="stmt"/>
        <line num="223" count="6" type="stmt"/>
        <line num="224" count="6" type="stmt"/>
        <line num="225" count="6" type="stmt"/>
        <line num="226" count="6" type="stmt"/>
        <line num="227" count="6" type="stmt"/>
        <line num="228" count="6" type="stmt"/>
        <line num="229" count="6" type="stmt"/>
        <line num="230" count="6" type="stmt"/>
        <line num="231" count="6" type="stmt"/>
        <line num="239" count="6" type="cond" truecount="2" falsecount="0"/>
        <line num="240" count="1" type="stmt"/>
        <line num="241" count="1" type="stmt"/>
        <line num="243" count="5" type="stmt"/>
        <line num="251" count="5" type="stmt"/>
        <line num="259" count="108" type="stmt"/>
        <line num="260" count="6" type="stmt"/>
        <line num="267" count="108" type="stmt"/>
        <line num="268" count="108" type="stmt"/>
        <line num="269" count="108" type="stmt"/>
        <line num="270" count="108" type="cond" truecount="3" falsecount="0"/>
        <line num="271" count="108" type="cond" truecount="2" falsecount="0"/>
        <line num="272" count="44" type="stmt"/>
        <line num="273" count="44" type="stmt"/>
        <line num="275" count="64" type="stmt"/>
        <line num="276" count="64" type="stmt"/>
        <line num="284" count="108" type="cond" truecount="6" falsecount="1"/>
        <line num="286" count="2" type="stmt"/>
        <line num="288" count="7" type="stmt"/>
        <line num="290" count="51" type="stmt"/>
        <line num="292" count="37" type="stmt"/>
        <line num="294" count="0" type="stmt"/>
        <line num="296" count="3" type="stmt"/>
        <line num="298" count="8" type="stmt"/>
        <line num="303" count="38" type="stmt"/>
        <line num="304" count="38" type="cond" truecount="2" falsecount="0"/>
        <line num="309" count="108" type="stmt"/>
        <line num="310" count="108" type="cond" truecount="1" falsecount="0"/>
        <line num="311" count="106" type="cond" truecount="1" falsecount="0"/>
        <line num="312" count="99" type="cond" truecount="1" falsecount="0"/>
        <line num="313" count="48" type="cond" truecount="1" falsecount="0"/>
        <line num="314" count="11" type="cond" truecount="0" falsecount="1"/>
        <line num="315" count="11" type="cond" truecount="1" falsecount="0"/>
        <line num="316" count="8" type="stmt"/>
        <line num="323" count="0" type="stmt"/>
        <line num="324" count="0" type="cond" truecount="0" falsecount="1"/>
        <line num="325" count="0" type="stmt"/>
        <line num="332" count="108" type="stmt"/>
      </file>
      <file name="examples.ts" path="/home/runner/work/json-random/json-random/src/examples.ts">
        <metrics statements="65" coveredstatements="65" conditionals="0" coveredconditionals="0" methods="24" coveredmethods="2"/>
        <line num="3" count="1" type="stmt"/>
        <line num="9" count="1" type="stmt"/>
        <line num="18" count="1" type="stmt"/>
        <line num="28" count="1" type="stmt"/>
        <line num="36" count="1" type="stmt"/>
        <line num="45" count="1" type="stmt"/>
        <line num="55" count="1" type="stmt"/>
        <line num="76" count="1" type="stmt"/>
        <line num="100" count="1" type="stmt"/>
        <line num="123" count="1" type="stmt"/>
        <line num="151" count="1" type="stmt"/>
        <line num="181" count="1" type="stmt"/>
        <line num="189" count="1" type="stmt"/>
        <line num="197" count="1" type="stmt"/>
        <line num="209" count="1" type="stmt"/>
        <line num="218" count="41" type="stmt"/>
        <line num="232" count="1" type="stmt"/>
        <line num="268" count="1" type="stmt"/>
        <line num="315" count="1" type="stmt"/>
        <line num="325" count="1" type="stmt"/>
        <line num="362" count="1" type="stmt"/>
        <line num="426" count="1" type="stmt"/>
        <line num="451" count="1" type="stmt"/>
        <line num="463" count="1" type="stmt"/>
        <line num="481" count="1" type="stmt"/>
        <line num="521" count="1" type="stmt"/>
        <line num="548" count="1" type="stmt"/>
        <line num="566" count="1" type="stmt"/>
        <line num="619" count="1" type="stmt"/>
        <line num="639" count="1" type="stmt"/>
        <line num="663" count="1" type="stmt"/>
        <line num="712" count="1" type="stmt"/>
        <line num="759" count="1" type="stmt"/>
        <line num="825" count="1" type="stmt"/>
        <line num="843" count="1" type="stmt"/>
        <line num="914" count="1" type="stmt"/>
        <line num="950" count="1" type="stmt"/>
        <line num="962" count="1" type="stmt"/>
        <line num="987" count="1" type="stmt"/>
        <line num="999" count="1" type="stmt"/>
        <line num="1013" count="1" type="stmt"/>
        <line num="1034" count="1" type="stmt"/>
        <line num="1060" count="1" type="stmt"/>
        <line num="1104" count="1" type="stmt"/>
        <line num="1110" count="1" type="stmt"/>
        <line num="1116" count="1" type="stmt"/>
        <line num="1122" count="1" type="stmt"/>
        <line num="1128" count="1" type="stmt"/>
        <line num="1134" count="1" type="stmt"/>
        <line num="1140" count="1" type="stmt"/>
        <line num="1146" count="1" type="stmt"/>
        <line num="1152" count="1" type="stmt"/>
        <line num="1158" count="1" type="stmt"/>
        <line num="1164" count="1" type="stmt"/>
        <line num="1170" count="1" type="stmt"/>
        <line num="1176" count="1" type="stmt"/>
        <line num="1182" count="1" type="stmt"/>
        <line num="1188" count="1" type="stmt"/>
        <line num="1194" count="1" type="stmt"/>
        <line num="1200" count="1" type="stmt"/>
        <line num="1206" count="1" type="stmt"/>
        <line num="1212" count="1" type="stmt"/>
        <line num="1218" count="1" type="stmt"/>
        <line num="1224" count="1" type="stmt"/>
        <line num="1231" count="1" type="stmt"/>
      </file>
      <file name="number.ts" path="/home/runner/work/json-random/json-random/src/number.ts">
        <metrics statements="11" coveredstatements="11" conditionals="4" coveredconditionals="2" methods="2" coveredmethods="2"/>
        <line num="1" count="2" type="stmt"/>
        <line num="2" count="1597" type="stmt"/>
        <line num="3" count="1597" type="stmt"/>
        <line num="4" count="1597" type="stmt"/>
        <line num="7" count="2" type="stmt"/>
        <line num="8" count="10" type="stmt"/>
        <line num="9" count="10" type="stmt"/>
        <line num="10" count="10" type="stmt"/>
        <line num="11" count="10" type="stmt"/>
        <line num="12" count="10" type="cond" truecount="2" falsecount="2"/>
        <line num="13" count="10" type="stmt"/>
      </file>
      <file name="string.ts" path="/home/runner/work/json-random/json-random/src/string.ts">
        <metrics statements="20" coveredstatements="19" conditionals="7" coveredconditionals="6" methods="1" coveredmethods="1"/>
        <line num="37" count="4" type="stmt"/>
        <line num="38" count="30254" type="cond" truecount="1" falsecount="0"/>
        <line num="39" count="27563" type="stmt"/>
        <line num="40" count="27563" type="cond" truecount="4" falsecount="1"/>
        <line num="42" count="809" type="stmt"/>
        <line num="43" count="809" type="stmt"/>
        <line num="46" count="244" type="stmt"/>
        <line num="47" count="244" type="stmt"/>
        <line num="48" count="244" type="stmt"/>
        <line num="49" count="26267" type="stmt"/>
        <line num="50" count="244" type="stmt"/>
        <line num="53" count="26286" type="cond" truecount="1" falsecount="0"/>
        <line num="54" count="26286" type="stmt"/>
        <line num="55" count="26286" type="stmt"/>
        <line num="56" count="26574" type="stmt"/>
        <line num="57" count="26574" type="stmt"/>
        <line num="59" count="26286" type="stmt"/>
        <line num="62" count="224" type="stmt"/>
        <line num="63" count="224" type="stmt"/>
        <line num="66" count="0" type="stmt"/>
      </file>
      <file name="util.ts" path="/home/runner/work/json-random/json-random/src/util.ts">
        <metrics statements="32" coveredstatements="32" conditionals="9" coveredconditionals="6" methods="4" coveredmethods="4"/>
        <line num="1" count="3" type="stmt"/>
        <line num="3" count="3" type="stmt"/>
        <line num="5" count="3" type="stmt"/>
        <line num="6" count="3" type="cond" truecount="0" falsecount="1"/>
        <line num="7" count="21" type="stmt"/>
        <line num="8" count="28950" type="stmt"/>
        <line num="9" count="28950" type="stmt"/>
        <line num="28" count="3" type="stmt"/>
        <line num="29" count="21" type="stmt"/>
        <line num="30" count="21" type="cond" truecount="1" falsecount="1"/>
        <line num="31" count="21" type="stmt"/>
        <line num="32" count="21" type="stmt"/>
        <line num="34" count="21" type="cond" truecount="1" falsecount="0"/>
        <line num="38" count="3" type="stmt"/>
        <line num="39" count="3" type="stmt"/>
        <line num="47" count="3" type="stmt"/>
        <line num="48" count="30" type="cond" truecount="1" falsecount="0"/>
        <line num="49" count="26" type="cond" truecount="2" falsecount="0"/>
        <line num="50" count="2" type="stmt"/>
        <line num="51" count="2" type="stmt"/>
        <line num="52" count="5" type="stmt"/>
        <line num="53" count="2" type="stmt"/>
        <line num="54" count="24" type="cond" truecount="1" falsecount="0"/>
        <line num="55" count="3" type="cond" truecount="0" falsecount="1"/>
        <line num="56" count="3" type="stmt"/>
        <line num="57" count="3" type="stmt"/>
        <line num="58" count="3" type="stmt"/>
        <line num="59" count="3" type="stmt"/>
        <line num="60" count="4" type="stmt"/>
        <line num="61" count="4" type="stmt"/>
        <line num="63" count="3" type="stmt"/>
        <line num="65" count="21" type="stmt"/>
      </file>
    </package>
    <package name="src.__tests__">
      <metrics statements="4" coveredstatements="4" conditionals="1" coveredconditionals="1" methods="2" coveredmethods="2"/>
      <file name="setup.ts" path="/home/runner/work/json-random/json-random/src/__tests__/setup.ts">
        <metrics statements="4" coveredstatements="4" conditionals="1" coveredconditionals="1" methods="2" coveredmethods="2"/>
        <line num="1" count="1" type="cond" truecount="1" falsecount="0"/>
        <line num="2" count="47" type="stmt"/>
        <line num="3" count="314" type="stmt"/>
        <line num="4" count="314" type="stmt"/>
      </file>
    </package>
    <package name="src.structured">
      <metrics statements="90" coveredstatements="89" conditionals="65" coveredconditionals="61" methods="17" coveredmethods="17"/>
      <file name="TemplateJson.ts" path="/home/runner/work/json-random/json-random/src/structured/TemplateJson.ts">
        <metrics statements="86" coveredstatements="85" conditionals="65" coveredconditionals="61" methods="17" coveredmethods="17"/>
        <line num="1" count="2" type="stmt"/>
        <line num="2" count="2" type="stmt"/>
        <line num="3" count="2" type="stmt"/>
        <line num="4" count="2" type="stmt"/>
        <line num="33" count="2" type="stmt"/>
        <line num="34" count="2" type="stmt"/>
        <line num="35" count="127" type="stmt"/>
        <line num="36" count="127" type="stmt"/>
        <line num="39" count="127" type="stmt"/>
        <line num="43" count="127" type="cond" truecount="0" falsecount="1"/>
        <line num="44" count="127" type="cond" truecount="1" falsecount="0"/>
        <line num="46" count="127" type="cond" truecount="4" falsecount="0"/>
        <line num="50" count="127" type="stmt"/>
        <line num="54" count="3213" type="stmt"/>
        <line num="55" count="3213" type="stmt"/>
        <line num="56" count="3213" type="cond" truecount="2" falsecount="0"/>
        <line num="57" count="3213" type="stmt"/>
        <line num="58" count="3213" type="cond" truecount="13" falsecount="1"/>
        <line num="60" count="247" type="stmt"/>
        <line num="62" count="942" type="stmt"/>
        <line num="64" count="10" type="stmt"/>
        <line num="66" count="514" type="stmt"/>
        <line num="68" count="3" type="stmt"/>
        <line num="70" count="1360" type="stmt"/>
        <line num="72" count="10" type="stmt"/>
        <line num="74" count="29" type="stmt"/>
        <line num="76" count="19" type="stmt"/>
        <line num="78" count="10" type="stmt"/>
        <line num="80" count="11" type="stmt"/>
        <line num="82" count="21" type="stmt"/>
        <line num="84" count="37" type="stmt"/>
        <line num="86" count="0" type="stmt"/>
        <line num="91" count="267" type="cond" truecount="1" falsecount="0"/>
        <line num="92" count="80" type="cond" truecount="1" falsecount="0"/>
        <line num="93" count="80" type="cond" truecount="1" falsecount="0"/>
        <line num="94" count="80" type="stmt"/>
        <line num="98" count="247" type="cond" truecount="5" falsecount="0"/>
        <line num="99" count="247" type="stmt"/>
        <line num="100" count="247" type="stmt"/>
        <line num="101" count="247" type="stmt"/>
        <line num="102" count="1338" type="stmt"/>
        <line num="103" count="247" type="stmt"/>
        <line num="104" count="247" type="stmt"/>
        <line num="108" count="942" type="cond" truecount="1" falsecount="0"/>
        <line num="109" count="942" type="stmt"/>
        <line num="110" count="942" type="stmt"/>
        <line num="111" count="1710" type="cond" truecount="1" falsecount="1"/>
        <line num="112" count="1710" type="cond" truecount="1" falsecount="0"/>
        <line num="113" count="76" type="cond" truecount="1" falsecount="0"/>
        <line num="114" count="63" type="cond" truecount="1" falsecount="0"/>
        <line num="116" count="1675" type="cond" truecount="4" falsecount="0"/>
        <line num="117" count="1675" type="stmt"/>
        <line num="118" count="1675" type="stmt"/>
        <line num="120" count="942" type="stmt"/>
        <line num="124" count="10" type="cond" truecount="3" falsecount="0"/>
        <line num="125" count="10" type="stmt"/>
        <line num="126" count="10" type="stmt"/>
        <line num="127" count="10" type="cond" truecount="4" falsecount="0"/>
        <line num="128" count="10" type="stmt"/>
        <line num="129" count="23" type="stmt"/>
        <line num="130" count="23" type="stmt"/>
        <line num="131" count="23" type="stmt"/>
        <line num="133" count="10" type="stmt"/>
        <line num="137" count="514" type="cond" truecount="4" falsecount="0"/>
        <line num="141" count="3" type="cond" truecount="1" falsecount="1"/>
        <line num="142" count="3" type="stmt"/>
        <line num="146" count="1360" type="cond" truecount="2" falsecount="0"/>
        <line num="147" count="1360" type="stmt"/>
        <line num="151" count="10" type="cond" truecount="2" falsecount="0"/>
        <line num="152" count="10" type="stmt"/>
        <line num="156" count="32" type="cond" truecount="2" falsecount="0"/>
        <line num="157" count="32" type="stmt"/>
        <line num="158" count="32" type="stmt"/>
        <line num="159" count="32" type="stmt"/>
        <line num="163" count="19" type="stmt"/>
        <line num="164" count="19" type="cond" truecount="2" falsecount="0"/>
        <line num="168" count="10" type="cond" truecount="4" falsecount="0"/>
        <line num="169" count="10" type="stmt"/>
        <line num="170" count="10" type="stmt"/>
        <line num="171" count="10" type="stmt"/>
        <line num="172" count="120" type="stmt"/>
        <line num="174" count="10" type="stmt"/>
        <line num="178" count="21" type="stmt"/>
        <line num="182" count="37" type="stmt"/>
        <line num="183" count="37" type="stmt"/>
        <line num="184" count="37" type="stmt"/>
      </file>
      <file name="templates.ts" path="/home/runner/work/json-random/json-random/src/structured/templates.ts">
        <metrics statements="4" coveredstatements="4" conditionals="0" coveredconditionals="0" methods="0" coveredmethods="0"/>
        <line num="4" count="2" type="stmt"/>
        <line num="6" count="2" type="stmt"/>
        <line num="15" count="2" type="stmt"/>
        <line num="21" count="2" type="stmt"/>
      </file>
    </package>
  </project>
</coverage>
