<?xml version="1.0" encoding="UTF-8"?>
<coverage generated="1754206910693" clover="3.2.0">
  <project timestamp="1754206910693" name="All files">
    <metrics statements="92" coveredstatements="84" conditionals="50" coveredconditionals="40" methods="18" coveredmethods="16" elements="160" coveredelements="140" complexity="0" loc="92" ncloc="92" packages="1" files="2" classes="2"/>
    <file name="RandomJson.ts" path="/home/runner/work/json-random/json-random/src/RandomJson.ts">
      <metrics statements="73" coveredstatements="66" conditionals="44" coveredconditionals="35" methods="17" coveredmethods="15"/>
      <line num="1" count="1" type="stmt"/>
      <line num="25" count="1" type="stmt"/>
      <line num="41" count="1" type="stmt"/>
      <line num="42" count="9692" type="stmt"/>
      <line num="45" count="1" type="stmt"/>
      <line num="143" count="1" type="stmt"/>
      <line num="144" count="1046" type="stmt"/>
      <line num="154" count="1" type="stmt"/>
      <line num="156" count="4" type="stmt"/>
      <line num="157" count="4" type="stmt"/>
      <line num="161" count="9" type="stmt"/>
      <line num="166" count="39" type="cond" truecount="2" falsecount="0"/>
      <line num="173" count="39" type="cond" truecount="0" falsecount="1"/>
      <line num="174" count="39" type="stmt"/>
      <line num="178" count="1078" type="stmt"/>
      <line num="179" count="1078" type="cond" truecount="2" falsecount="0"/>
      <line num="180" count="9671" type="stmt"/>
      <line num="181" count="1078" type="cond" truecount="1" falsecount="0"/>
      <line num="182" count="1057" type="stmt"/>
      <line num="186" count="0" type="stmt"/>
      <line num="187" count="0" type="stmt"/>
      <line num="188" count="0" type="stmt"/>
      <line num="192" count="1" type="stmt"/>
      <line num="200" count="1" type="stmt"/>
      <line num="216" count="6" type="stmt"/>
      <line num="222" count="6" type="stmt"/>
      <line num="223" count="6" type="stmt"/>
      <line num="224" count="6" type="stmt"/>
      <line num="225" count="6" type="stmt"/>
      <line num="226" count="6" type="stmt"/>
      <line num="227" count="6" type="stmt"/>
      <line num="228" count="6" type="stmt"/>
      <line num="229" count="6" type="stmt"/>
      <line num="230" count="6" type="stmt"/>
      <line num="231" count="6" type="stmt"/>
      <line num="239" count="6" type="cond" truecount="2" falsecount="0"/>
      <line num="240" count="1" type="stmt"/>
      <line num="241" count="1" type="stmt"/>
      <line num="243" count="5" type="stmt"/>
      <line num="251" count="5" type="stmt"/>
      <line num="259" count="108" type="stmt"/>
      <line num="260" count="6" type="stmt"/>
      <line num="267" count="108" type="stmt"/>
      <line num="268" count="108" type="stmt"/>
      <line num="269" count="108" type="stmt"/>
      <line num="270" count="108" type="cond" truecount="3" falsecount="0"/>
      <line num="271" count="108" type="cond" truecount="2" falsecount="0"/>
      <line num="272" count="72" type="stmt"/>
      <line num="273" count="72" type="stmt"/>
      <line num="275" count="36" type="stmt"/>
      <line num="276" count="36" type="stmt"/>
      <line num="284" count="108" type="cond" truecount="6" falsecount="1"/>
      <line num="286" count="6" type="stmt"/>
      <line num="288" count="8" type="stmt"/>
      <line num="290" count="38" type="stmt"/>
      <line num="292" count="41" type="stmt"/>
      <line num="294" count="0" type="stmt"/>
      <line num="296" count="12" type="stmt"/>
      <line num="298" count="3" type="stmt"/>
      <line num="303" count="42" type="stmt"/>
      <line num="304" count="42" type="cond" truecount="2" falsecount="0"/>
      <line num="309" count="108" type="stmt"/>
      <line num="310" count="108" type="cond" truecount="1" falsecount="0"/>
      <line num="311" count="102" type="cond" truecount="1" falsecount="0"/>
      <line num="312" count="94" type="cond" truecount="1" falsecount="0"/>
      <line num="313" count="56" type="cond" truecount="1" falsecount="0"/>
      <line num="314" count="15" type="cond" truecount="0" falsecount="1"/>
      <line num="315" count="15" type="cond" truecount="1" falsecount="0"/>
      <line num="316" count="3" type="stmt"/>
      <line num="323" count="0" type="stmt"/>
      <line num="324" count="0" type="cond" truecount="0" falsecount="1"/>
      <line num="325" count="0" type="stmt"/>
      <line num="332" count="108" type="stmt"/>
    </file>
    <file name="string.ts" path="/home/runner/work/json-random/json-random/src/string.ts">
      <metrics statements="19" coveredstatements="18" conditionals="6" coveredconditionals="5" methods="1" coveredmethods="1"/>
      <line num="37" count="2" type="stmt"/>
      <line num="38" count="19" type="cond" truecount="1" falsecount="0"/>
      <line num="39" count="17" type="stmt"/>
      <line num="40" count="17" type="cond" truecount="4" falsecount="1"/>
      <line num="42" count="12" type="stmt"/>
      <line num="43" count="12" type="stmt"/>
      <line num="46" count="2" type="stmt"/>
      <line num="47" count="2" type="stmt"/>
      <line num="48" count="2" type="stmt"/>
      <line num="49" count="2" type="stmt"/>
      <line num="50" count="2" type="stmt"/>
      <line num="51" count="7" type="stmt"/>
      <line num="52" count="2" type="stmt"/>
      <line num="55" count="1" type="stmt"/>
      <line num="56" count="1" type="stmt"/>
      <line num="57" count="1" type="stmt"/>
      <line num="58" count="1" type="stmt"/>
      <line num="61" count="2" type="stmt"/>
      <line num="63" count="0" type="stmt"/>
    </file>
  </project>
</coverage>
