{"/home/runner/work/json-random/json-random/src/RandomJson.ts": {"path":"/home/runner/work/json-random/json-random/src/RandomJson.ts","statementMap":{"0":{"start":{"line":1,"column":0},"end":{"line":1,"column":50}},"1":{"start":{"line":25,"column":39},"end":{"line":37,"column":2}},"2":{"start":{"line":41,"column":14},"end":{"line":43,"column":1}},"3":{"start":{"line":42,"column":2},"end":{"line":42,"column":74}},"4":{"start":{"line":45,"column":17},"end":{"line":142,"column":2}},"5":{"start":{"line":143,"column":14},"end":{"line":145,"column":1}},"6":{"start":{"line":144,"column":2},"end":{"line":144,"column":63}},"7":{"start":{"line":156,"column":16},"end":{"line":156,"column":36}},"8":{"start":{"line":157,"column":4},"end":{"line":157,"column":24}},"9":{"start":{"line":161,"column":4},"end":{"line":161,"column":31}},"10":{"start":{"line":166,"column":6},"end":{"line":172,"column":75}},"11":{"start":{"line":173,"column":4},"end":{"line":173,"column":28}},"12":{"start":{"line":173,"column":19},"end":{"line":173,"column":28}},"13":{"start":{"line":174,"column":4},"end":{"line":174,"column":15}},"14":{"start":{"line":178,"column":22},"end":{"line":178,"column":24}},"15":{"start":{"line":179,"column":4},"end":{"line":180,"column":57}},"16":{"start":{"line":179,"column":29},"end":{"line":179,"column":77}},"17":{"start":{"line":179,"column":42},"end":{"line":179,"column":43}},"18":{"start":{"line":179,"column":62},"end":{"line":179,"column":77}},"19":{"start":{"line":180,"column":9},"end":{"line":180,"column":57}},"20":{"start":{"line":180,"column":22},"end":{"line":180,"column":23}},"21":{"start":{"line":180,"column":42},"end":{"line":180,"column":57}},"22":{"start":{"line":181,"column":4},"end":{"line":181,"column":61}},"23":{"start":{"line":181,"column":31},"end":{"line":181,"column":61}},"24":{"start":{"line":182,"column":4},"end":{"line":182,"column":15}},"25":{"start":{"line":186,"column":16},"end":{"line":186,"column":38}},"26":{"start":{"line":187,"column":4},"end":{"line":187,"column":78}},"27":{"start":{"line":187,"column":17},"end":{"line":187,"column":18}},"28":{"start":{"line":187,"column":37},"end":{"line":187,"column":78}},"29":{"start":{"line":188,"column":4},"end":{"line":188,"column":15}},"30":{"start":{"line":192,"column":4},"end":{"line":196,"column":20}},"31":{"start":{"line":200,"column":4},"end":{"line":204,"column":17}},"32":{"start":{"line":216,"column":10},"end":{"line":216,"column":43}},"33":{"start":{"line":222,"column":4},"end":{"line":222,"column":42}},"34":{"start":{"line":223,"column":4},"end":{"line":223,"column":31}},"35":{"start":{"line":224,"column":4},"end":{"line":224,"column":46}},"36":{"start":{"line":225,"column":4},"end":{"line":225,"column":74}},"37":{"start":{"line":226,"column":4},"end":{"line":226,"column":75}},"38":{"start":{"line":227,"column":4},"end":{"line":227,"column":74}},"39":{"start":{"line":228,"column":4},"end":{"line":228,"column":74}},"40":{"start":{"line":229,"column":4},"end":{"line":229,"column":72}},"41":{"start":{"line":230,"column":4},"end":{"line":230,"column":73}},"42":{"start":{"line":231,"column":4},"end":{"line":238,"column":28}},"43":{"start":{"line":239,"column":4},"end":{"line":252,"column":5}},"44":{"start":{"line":240,"column":6},"end":{"line":240,"column":40}},"45":{"start":{"line":241,"column":6},"end":{"line":241,"column":30}},"46":{"start":{"line":243,"column":6},"end":{"line":250,"column":19}},"47":{"start":{"line":251,"column":6},"end":{"line":251,"column":55}},"48":{"start":{"line":259,"column":4},"end":{"line":259,"column":65}},"49":{"start":{"line":259,"column":17},"end":{"line":259,"column":18}},"50":{"start":{"line":259,"column":50},"end":{"line":259,"column":65}},"51":{"start":{"line":260,"column":4},"end":{"line":260,"column":21}},"52":{"start":{"line":267,"column":22},"end":{"line":267,"column":42}},"53":{"start":{"line":268,"column":24},"end":{"line":268,"column":43}},"54":{"start":{"line":269,"column":17},"end":{"line":269,"column":43}},"55":{"start":{"line":270,"column":4},"end":{"line":270,"column":76}},"56":{"start":{"line":270,"column":42},"end":{"line":270,"column":76}},"57":{"start":{"line":271,"column":4},"end":{"line":277,"column":5}},"58":{"start":{"line":272,"column":20},"end":{"line":272,"column":70}},"59":{"start":{"line":273,"column":6},"end":{"line":273,"column":39}},"60":{"start":{"line":275,"column":18},"end":{"line":275,"column":40}},"61":{"start":{"line":276,"column":7},"end":{"line":276,"column":37}},"62":{"start":{"line":284,"column":4},"end":{"line":299,"column":5}},"63":{"start":{"line":286,"column":8},"end":{"line":286,"column":20}},"64":{"start":{"line":288,"column":8},"end":{"line":288,"column":39}},"65":{"start":{"line":290,"column":8},"end":{"line":290,"column":38}},"66":{"start":{"line":292,"column":8},"end":{"line":292,"column":37}},"67":{"start":{"line":294,"column":8},"end":{"line":294,"column":38}},"68":{"start":{"line":296,"column":8},"end":{"line":296,"column":18}},"69":{"start":{"line":298,"column":8},"end":{"line":298,"column":18}},"70":{"start":{"line":303,"column":20},"end":{"line":303,"column":37}},"71":{"start":{"line":304,"column":4},"end":{"line":304,"column":68}},"72":{"start":{"line":309,"column":16},"end":{"line":309,"column":46}},"73":{"start":{"line":310,"column":4},"end":{"line":310,"column":50}},"74":{"start":{"line":310,"column":36},"end":{"line":310,"column":50}},"75":{"start":{"line":311,"column":4},"end":{"line":311,"column":56}},"76":{"start":{"line":311,"column":39},"end":{"line":311,"column":56}},"77":{"start":{"line":312,"column":4},"end":{"line":312,"column":54}},"78":{"start":{"line":312,"column":38},"end":{"line":312,"column":54}},"79":{"start":{"line":313,"column":4},"end":{"line":313,"column":54}},"80":{"start":{"line":313,"column":38},"end":{"line":313,"column":54}},"81":{"start":{"line":314,"column":4},"end":{"line":314,"column":54}},"82":{"start":{"line":314,"column":38},"end":{"line":314,"column":54}},"83":{"start":{"line":315,"column":4},"end":{"line":315,"column":52}},"84":{"start":{"line":315,"column":37},"end":{"line":315,"column":52}},"85":{"start":{"line":316,"column":4},"end":{"line":316,"column":20}},"86":{"start":{"line":323,"column":16},"end":{"line":323,"column":60}},"87":{"start":{"line":324,"column":4},"end":{"line":324,"column":67}},"88":{"start":{"line":324,"column":52},"end":{"line":324,"column":67}},"89":{"start":{"line":325,"column":4},"end":{"line":325,"column":20}},"90":{"start":{"line":332,"column":4},"end":{"line":332,"column":79}},"91":{"start":{"line":154,"column":0},"end":{"line":154,"column":13}}},"fnMap":{"0":{"name":"(anonymous_0)","decl":{"start":{"line":41,"column":14},"end":{"line":41,"column":25}},"loc":{"start":{"line":41,"column":27},"end":{"line":43,"column":1}}},"1":{"name":"(anonymous_1)","decl":{"start":{"line":143,"column":14},"end":{"line":143,"column":25}},"loc":{"start":{"line":143,"column":27},"end":{"line":145,"column":1}}},"2":{"name":"(anonymous_2)","decl":{"start":{"line":155,"column":9},"end":{"line":155,"column":15}},"loc":{"start":{"line":155,"column":58},"end":{"line":158,"column":3}}},"3":{"name":"(anonymous_3)","decl":{"start":{"line":160,"column":9},"end":{"line":160,"column":15}},"loc":{"start":{"line":160,"column":26},"end":{"line":162,"column":3}}},"4":{"name":"(anonymous_4)","decl":{"start":{"line":164,"column":9},"end":{"line":164,"column":15}},"loc":{"start":{"line":164,"column":25},"end":{"line":175,"column":3}}},"5":{"name":"(anonymous_5)","decl":{"start":{"line":177,"column":9},"end":{"line":177,"column":15}},"loc":{"start":{"line":177,"column":64},"end":{"line":183,"column":3}}},"6":{"name":"(anonymous_6)","decl":{"start":{"line":185,"column":9},"end":{"line":185,"column":15}},"loc":{"start":{"line":185,"column":64},"end":{"line":189,"column":3}}},"7":{"name":"(anonymous_7)","decl":{"start":{"line":191,"column":9},"end":{"line":191,"column":15}},"loc":{"start":{"line":191,"column":105},"end":{"line":197,"column":3}}},"8":{"name":"(anonymous_8)","decl":{"start":{"line":199,"column":9},"end":{"line":199,"column":15}},"loc":{"start":{"line":199,"column":106},"end":{"line":205,"column":3}}},"9":{"name":"(anonymous_9)","decl":{"start":{"line":221,"column":2},"end":{"line":221,"column":21}},"loc":{"start":{"line":221,"column":58},"end":{"line":253,"column":3}}},"10":{"name":"(anonymous_10)","decl":{"start":{"line":258,"column":9},"end":{"line":258,"column":15}},"loc":{"start":{"line":258,"column":15},"end":{"line":261,"column":3}}},"11":{"name":"(anonymous_11)","decl":{"start":{"line":266,"column":9},"end":{"line":266,"column":16}},"loc":{"start":{"line":266,"column":16},"end":{"line":278,"column":3}}},"12":{"name":"(anonymous_12)","decl":{"start":{"line":283,"column":12},"end":{"line":283,"column":20}},"loc":{"start":{"line":283,"column":35},"end":{"line":300,"column":3}}},"13":{"name":"(anonymous_13)","decl":{"start":{"line":302,"column":12},"end":{"line":302,"column":26}},"loc":{"start":{"line":302,"column":26},"end":{"line":305,"column":3}}},"14":{"name":"(anonymous_14)","decl":{"start":{"line":308,"column":9},"end":{"line":308,"column":21}},"loc":{"start":{"line":308,"column":21},"end":{"line":317,"column":3}}},"15":{"name":"(anonymous_15)","decl":{"start":{"line":322,"column":12},"end":{"line":322,"column":29}},"loc":{"start":{"line":322,"column":29},"end":{"line":326,"column":3}}},"16":{"name":"(anonymous_16)","decl":{"start":{"line":331,"column":12},"end":{"line":331,"column":25}},"loc":{"start":{"line":331,"column":25},"end":{"line":333,"column":3}}}},"branchMap":{"0":{"loc":{"start":{"line":166,"column":6},"end":{"line":172,"column":75}},"type":"cond-expr","locations":[{"start":{"line":167,"column":10},"end":{"line":167,"column":29}},{"start":{"line":168,"column":10},"end":{"line":172,"column":75}}]},"1":{"loc":{"start":{"line":168,"column":10},"end":{"line":172,"column":75}},"type":"cond-expr","locations":[{"start":{"line":169,"column":12},"end":{"line":169,"column":54}},{"start":{"line":170,"column":12},"end":{"line":172,"column":75}}]},"2":{"loc":{"start":{"line":170,"column":12},"end":{"line":172,"column":75}},"type":"cond-expr","locations":[{"start":{"line":171,"column":14},"end":{"line":171,"column":58}},{"start":{"line":172,"column":14},"end":{"line":172,"column":75}}]},"3":{"loc":{"start":{"line":173,"column":4},"end":{"line":173,"column":28}},"type":"if","locations":[{"start":{"line":173,"column":4},"end":{"line":173,"column":28}}]},"4":{"loc":{"start":{"line":177,"column":26},"end":{"line":177,"column":64}},"type":"default-arg","locations":[{"start":{"line":177,"column":35},"end":{"line":177,"column":64}}]},"5":{"loc":{"start":{"line":179,"column":4},"end":{"line":180,"column":57}},"type":"if","locations":[{"start":{"line":179,"column":4},"end":{"line":180,"column":57}},{"start":{"line":180,"column":9},"end":{"line":180,"column":57}}]},"6":{"loc":{"start":{"line":181,"column":4},"end":{"line":181,"column":61}},"type":"if","locations":[{"start":{"line":181,"column":4},"end":{"line":181,"column":61}}]},"7":{"loc":{"start":{"line":185,"column":26},"end":{"line":185,"column":64}},"type":"default-arg","locations":[{"start":{"line":185,"column":35},"end":{"line":185,"column":64}}]},"8":{"loc":{"start":{"line":191,"column":25},"end":{"line":191,"column":105}},"type":"default-arg","locations":[{"start":{"line":191,"column":81},"end":{"line":191,"column":105}}]},"9":{"loc":{"start":{"line":199,"column":26},"end":{"line":199,"column":106}},"type":"default-arg","locations":[{"start":{"line":199,"column":82},"end":{"line":199,"column":106}}]},"10":{"loc":{"start":{"line":221,"column":21},"end":{"line":221,"column":58}},"type":"default-arg","locations":[{"start":{"line":221,"column":56},"end":{"line":221,"column":58}}]},"11":{"loc":{"start":{"line":239,"column":4},"end":{"line":252,"column":5}},"type":"if","locations":[{"start":{"line":239,"column":4},"end":{"line":252,"column":5}},{"start":{"line":242,"column":11},"end":{"line":252,"column":5}}]},"12":{"loc":{"start":{"line":244,"column":8},"end":{"line":250,"column":18}},"type":"cond-expr","locations":[{"start":{"line":245,"column":12},"end":{"line":245,"column":14}},{"start":{"line":246,"column":12},"end":{"line":250,"column":18}}]},"13":{"loc":{"start":{"line":246,"column":12},"end":{"line":250,"column":18}},"type":"cond-expr","locations":[{"start":{"line":247,"column":14},"end":{"line":247,"column":16}},{"start":{"line":248,"column":14},"end":{"line":250,"column":18}}]},"14":{"loc":{"start":{"line":248,"column":14},"end":{"line":250,"column":18}},"type":"cond-expr","locations":[{"start":{"line":249,"column":16},"end":{"line":249,"column":18}},{"start":{"line":250,"column":16},"end":{"line":250,"column":18}}]},"15":{"loc":{"start":{"line":270,"column":4},"end":{"line":270,"column":76}},"type":"if","locations":[{"start":{"line":270,"column":4},"end":{"line":270,"column":76}}]},"16":{"loc":{"start":{"line":270,"column":8},"end":{"line":270,"column":40}},"type":"binary-expr","locations":[{"start":{"line":270,"column":8},"end":{"line":270,"column":12}},{"start":{"line":270,"column":16},"end":{"line":270,"column":40}}]},"17":{"loc":{"start":{"line":271,"column":4},"end":{"line":277,"column":5}},"type":"if","locations":[{"start":{"line":271,"column":4},"end":{"line":277,"column":5}},{"start":{"line":274,"column":11},"end":{"line":277,"column":5}}]},"18":{"loc":{"start":{"line":284,"column":4},"end":{"line":299,"column":5}},"type":"switch","locations":[{"start":{"line":285,"column":6},"end":{"line":286,"column":20}},{"start":{"line":287,"column":6},"end":{"line":288,"column":39}},{"start":{"line":289,"column":6},"end":{"line":290,"column":38}},{"start":{"line":291,"column":6},"end":{"line":292,"column":37}},{"start":{"line":293,"column":6},"end":{"line":294,"column":38}},{"start":{"line":295,"column":6},"end":{"line":296,"column":18}},{"start":{"line":297,"column":6},"end":{"line":298,"column":18}}]},"19":{"loc":{"start":{"line":304,"column":11},"end":{"line":304,"column":67}},"type":"cond-expr","locations":[{"start":{"line":304,"column":21},"end":{"line":304,"column":42}},{"start":{"line":304,"column":45},"end":{"line":304,"column":67}}]},"20":{"loc":{"start":{"line":310,"column":4},"end":{"line":310,"column":50}},"type":"if","locations":[{"start":{"line":310,"column":4},"end":{"line":310,"column":50}}]},"21":{"loc":{"start":{"line":311,"column":4},"end":{"line":311,"column":56}},"type":"if","locations":[{"start":{"line":311,"column":4},"end":{"line":311,"column":56}}]},"22":{"loc":{"start":{"line":312,"column":4},"end":{"line":312,"column":54}},"type":"if","locations":[{"start":{"line":312,"column":4},"end":{"line":312,"column":54}}]},"23":{"loc":{"start":{"line":313,"column":4},"end":{"line":313,"column":54}},"type":"if","locations":[{"start":{"line":313,"column":4},"end":{"line":313,"column":54}}]},"24":{"loc":{"start":{"line":314,"column":4},"end":{"line":314,"column":54}},"type":"if","locations":[{"start":{"line":314,"column":4},"end":{"line":314,"column":54}}]},"25":{"loc":{"start":{"line":315,"column":4},"end":{"line":315,"column":52}},"type":"if","locations":[{"start":{"line":315,"column":4},"end":{"line":315,"column":52}}]},"26":{"loc":{"start":{"line":324,"column":4},"end":{"line":324,"column":67}},"type":"if","locations":[{"start":{"line":324,"column":4},"end":{"line":324,"column":67}}]}},"s":{"0":1,"1":1,"2":1,"3":9741,"4":1,"5":1,"6":1138,"7":4,"8":4,"9":10,"10":45,"11":45,"12":0,"13":45,"14":1098,"15":1098,"16":116,"17":116,"18":1138,"19":982,"20":982,"21":9713,"22":1098,"23":28,"24":1070,"25":0,"26":0,"27":0,"28":0,"29":0,"30":1,"31":1,"32":6,"33":6,"34":6,"35":6,"36":6,"37":6,"38":6,"39":6,"40":6,"41":6,"42":6,"43":6,"44":1,"45":1,"46":5,"47":5,"48":6,"49":6,"50":108,"51":6,"52":108,"53":108,"54":108,"55":108,"56":10,"57":108,"58":54,"59":54,"60":54,"61":54,"62":108,"63":2,"64":9,"65":44,"66":43,"67":0,"68":6,"69":4,"70":44,"71":44,"72":108,"73":108,"74":2,"75":106,"76":9,"77":97,"78":44,"79":53,"80":43,"81":10,"82":0,"83":10,"84":6,"85":4,"86":0,"87":0,"88":0,"89":0,"90":108,"91":1},"f":{"0":9741,"1":1138,"2":4,"3":10,"4":45,"5":1098,"6":0,"7":1,"8":1,"9":6,"10":6,"11":108,"12":108,"13":44,"14":108,"15":0,"16":108},"b":{"0":[35,10],"1":[2,8],"2":[1,7],"3":[0],"4":[98],"5":[116,982],"6":[28],"7":[0],"8":[1],"9":[1],"10":[1],"11":[1,5],"12":[3,2],"13":[2,0],"14":[0,0],"15":[10],"16":[108,99],"17":[54,54],"18":[2,9,44,43,0,6,4],"19":[1,43],"20":[2],"21":[9],"22":[44],"23":[43],"24":[0],"25":[6],"26":[0]}}
,"/home/runner/work/json-random/json-random/src/examples.ts": {"path":"/home/runner/work/json-random/json-random/src/examples.ts","statementMap":{"0":{"start":{"line":3,"column":0},"end":{"line":3,"column":55}},"1":{"start":{"line":9,"column":13},"end":{"line":16,"column":2}},"2":{"start":{"line":18,"column":13},"end":{"line":26,"column":2}},"3":{"start":{"line":28,"column":13},"end":{"line":34,"column":2}},"4":{"start":{"line":36,"column":13},"end":{"line":43,"column":2}},"5":{"start":{"line":45,"column":13},"end":{"line":49,"column":2}},"6":{"start":{"line":55,"column":13},"end":{"line":74,"column":2}},"7":{"start":{"line":76,"column":13},"end":{"line":94,"column":2}},"8":{"start":{"line":100,"column":13},"end":{"line":121,"column":2}},"9":{"start":{"line":123,"column":13},"end":{"line":145,"column":2}},"10":{"start":{"line":151,"column":13},"end":{"line":179,"column":2}},"11":{"start":{"line":181,"column":13},"end":{"line":187,"column":2}},"12":{"start":{"line":189,"column":13},"end":{"line":195,"column":2}},"13":{"start":{"line":197,"column":13},"end":{"line":203,"column":2}},"14":{"start":{"line":209,"column":20},"end":{"line":216,"column":2}},"15":{"start":{"line":209,"column":36},"end":{"line":216,"column":2}},"16":{"start":{"line":209,"column":13},"end":{"line":209,"column":20}},"17":{"start":{"line":218,"column":23},"end":{"line":226,"column":2}},"18":{"start":{"line":218,"column":39},"end":{"line":226,"column":2}},"19":{"start":{"line":218,"column":13},"end":{"line":218,"column":23}},"20":{"start":{"line":232,"column":13},"end":{"line":266,"column":2}},"21":{"start":{"line":268,"column":13},"end":{"line":309,"column":2}},"22":{"start":{"line":315,"column":13},"end":{"line":323,"column":2}},"23":{"start":{"line":325,"column":13},"end":{"line":356,"column":2}},"24":{"start":{"line":362,"column":13},"end":{"line":424,"column":2}},"25":{"start":{"line":426,"column":13},"end":{"line":445,"column":2}},"26":{"start":{"line":451,"column":13},"end":{"line":461,"column":2}},"27":{"start":{"line":463,"column":13},"end":{"line":479,"column":2}},"28":{"start":{"line":481,"column":13},"end":{"line":515,"column":2}},"29":{"start":{"line":521,"column":13},"end":{"line":546,"column":2}},"30":{"start":{"line":548,"column":13},"end":{"line":560,"column":2}},"31":{"start":{"line":566,"column":13},"end":{"line":617,"column":2}},"32":{"start":{"line":619,"column":13},"end":{"line":633,"column":2}},"33":{"start":{"line":639,"column":13},"end":{"line":661,"column":2}},"34":{"start":{"line":663,"column":13},"end":{"line":706,"column":2}},"35":{"start":{"line":712,"column":13},"end":{"line":757,"column":2}},"36":{"start":{"line":759,"column":13},"end":{"line":819,"column":2}},"37":{"start":{"line":825,"column":13},"end":{"line":841,"column":2}},"38":{"start":{"line":843,"column":13},"end":{"line":912,"column":2}},"39":{"start":{"line":914,"column":13},"end":{"line":944,"column":2}},"40":{"start":{"line":950,"column":13},"end":{"line":960,"column":2}},"41":{"start":{"line":962,"column":13},"end":{"line":985,"column":2}},"42":{"start":{"line":987,"column":13},"end":{"line":997,"column":2}},"43":{"start":{"line":999,"column":13},"end":{"line":1011,"column":2}},"44":{"start":{"line":1013,"column":13},"end":{"line":1028,"column":2}},"45":{"start":{"line":1034,"column":13},"end":{"line":1054,"column":2}},"46":{"start":{"line":1060,"column":13},"end":{"line":1094,"column":2}},"47":{"start":{"line":1104,"column":23},"end":{"line":1104,"column":58}},"48":{"start":{"line":1104,"column":29},"end":{"line":1104,"column":58}},"49":{"start":{"line":1104,"column":13},"end":{"line":1104,"column":23}},"50":{"start":{"line":1110,"column":28},"end":{"line":1110,"column":61}},"51":{"start":{"line":1110,"column":34},"end":{"line":1110,"column":61}},"52":{"start":{"line":1110,"column":13},"end":{"line":1110,"column":28}},"53":{"start":{"line":1116,"column":26},"end":{"line":1116,"column":57}},"54":{"start":{"line":1116,"column":32},"end":{"line":1116,"column":57}},"55":{"start":{"line":1116,"column":13},"end":{"line":1116,"column":26}},"56":{"start":{"line":1122,"column":26},"end":{"line":1122,"column":57}},"57":{"start":{"line":1122,"column":32},"end":{"line":1122,"column":57}},"58":{"start":{"line":1122,"column":13},"end":{"line":1122,"column":26}},"59":{"start":{"line":1128,"column":24},"end":{"line":1128,"column":53}},"60":{"start":{"line":1128,"column":30},"end":{"line":1128,"column":53}},"61":{"start":{"line":1128,"column":13},"end":{"line":1128,"column":24}},"62":{"start":{"line":1134,"column":30},"end":{"line":1134,"column":65}},"63":{"start":{"line":1134,"column":36},"end":{"line":1134,"column":65}},"64":{"start":{"line":1134,"column":13},"end":{"line":1134,"column":30}},"65":{"start":{"line":1140,"column":30},"end":{"line":1140,"column":65}},"66":{"start":{"line":1140,"column":36},"end":{"line":1140,"column":65}},"67":{"start":{"line":1140,"column":13},"end":{"line":1140,"column":30}},"68":{"start":{"line":1146,"column":29},"end":{"line":1146,"column":63}},"69":{"start":{"line":1146,"column":35},"end":{"line":1146,"column":63}},"70":{"start":{"line":1146,"column":13},"end":{"line":1146,"column":29}},"71":{"start":{"line":1152,"column":32},"end":{"line":1152,"column":69}},"72":{"start":{"line":1152,"column":38},"end":{"line":1152,"column":69}},"73":{"start":{"line":1152,"column":13},"end":{"line":1152,"column":32}},"74":{"start":{"line":1158,"column":27},"end":{"line":1158,"column":59}},"75":{"start":{"line":1158,"column":33},"end":{"line":1158,"column":59}},"76":{"start":{"line":1158,"column":13},"end":{"line":1158,"column":27}},"77":{"start":{"line":1164,"column":30},"end":{"line":1164,"column":65}},"78":{"start":{"line":1164,"column":36},"end":{"line":1164,"column":65}},"79":{"start":{"line":1164,"column":13},"end":{"line":1164,"column":30}},"80":{"start":{"line":1170,"column":38},"end":{"line":1170,"column":81}},"81":{"start":{"line":1170,"column":44},"end":{"line":1170,"column":81}},"82":{"start":{"line":1170,"column":13},"end":{"line":1170,"column":38}},"83":{"start":{"line":1176,"column":32},"end":{"line":1176,"column":69}},"84":{"start":{"line":1176,"column":38},"end":{"line":1176,"column":69}},"85":{"start":{"line":1176,"column":13},"end":{"line":1176,"column":32}},"86":{"start":{"line":1182,"column":26},"end":{"line":1182,"column":57}},"87":{"start":{"line":1182,"column":32},"end":{"line":1182,"column":57}},"88":{"start":{"line":1182,"column":13},"end":{"line":1182,"column":26}},"89":{"start":{"line":1188,"column":32},"end":{"line":1188,"column":69}},"90":{"start":{"line":1188,"column":38},"end":{"line":1188,"column":69}},"91":{"start":{"line":1188,"column":13},"end":{"line":1188,"column":32}},"92":{"start":{"line":1194,"column":26},"end":{"line":1194,"column":57}},"93":{"start":{"line":1194,"column":32},"end":{"line":1194,"column":57}},"94":{"start":{"line":1194,"column":13},"end":{"line":1194,"column":26}},"95":{"start":{"line":1200,"column":25},"end":{"line":1200,"column":55}},"96":{"start":{"line":1200,"column":31},"end":{"line":1200,"column":55}},"97":{"start":{"line":1200,"column":13},"end":{"line":1200,"column":25}},"98":{"start":{"line":1206,"column":32},"end":{"line":1206,"column":69}},"99":{"start":{"line":1206,"column":38},"end":{"line":1206,"column":69}},"100":{"start":{"line":1206,"column":13},"end":{"line":1206,"column":32}},"101":{"start":{"line":1212,"column":28},"end":{"line":1212,"column":61}},"102":{"start":{"line":1212,"column":34},"end":{"line":1212,"column":61}},"103":{"start":{"line":1212,"column":13},"end":{"line":1212,"column":28}},"104":{"start":{"line":1218,"column":27},"end":{"line":1218,"column":59}},"105":{"start":{"line":1218,"column":33},"end":{"line":1218,"column":59}},"106":{"start":{"line":1218,"column":13},"end":{"line":1218,"column":27}},"107":{"start":{"line":1224,"column":29},"end":{"line":1224,"column":63}},"108":{"start":{"line":1224,"column":35},"end":{"line":1224,"column":63}},"109":{"start":{"line":1224,"column":13},"end":{"line":1224,"column":29}},"110":{"start":{"line":1231,"column":32},"end":{"line":1231,"column":67}},"111":{"start":{"line":1231,"column":38},"end":{"line":1231,"column":67}},"112":{"start":{"line":1231,"column":13},"end":{"line":1231,"column":32}}},"fnMap":{"0":{"name":"(anonymous_0)","decl":{"start":{"line":209,"column":20},"end":{"line":209,"column":33}},"loc":{"start":{"line":209,"column":36},"end":{"line":216,"column":2}}},"1":{"name":"(anonymous_1)","decl":{"start":{"line":218,"column":23},"end":{"line":218,"column":36}},"loc":{"start":{"line":218,"column":39},"end":{"line":226,"column":2}}},"2":{"name":"(anonymous_2)","decl":{"start":{"line":1104,"column":23},"end":{"line":1104,"column":26}},"loc":{"start":{"line":1104,"column":29},"end":{"line":1104,"column":58}}},"3":{"name":"(anonymous_3)","decl":{"start":{"line":1110,"column":28},"end":{"line":1110,"column":31}},"loc":{"start":{"line":1110,"column":34},"end":{"line":1110,"column":61}}},"4":{"name":"(anonymous_4)","decl":{"start":{"line":1116,"column":26},"end":{"line":1116,"column":29}},"loc":{"start":{"line":1116,"column":32},"end":{"line":1116,"column":57}}},"5":{"name":"(anonymous_5)","decl":{"start":{"line":1122,"column":26},"end":{"line":1122,"column":29}},"loc":{"start":{"line":1122,"column":32},"end":{"line":1122,"column":57}}},"6":{"name":"(anonymous_6)","decl":{"start":{"line":1128,"column":24},"end":{"line":1128,"column":27}},"loc":{"start":{"line":1128,"column":30},"end":{"line":1128,"column":53}}},"7":{"name":"(anonymous_7)","decl":{"start":{"line":1134,"column":30},"end":{"line":1134,"column":33}},"loc":{"start":{"line":1134,"column":36},"end":{"line":1134,"column":65}}},"8":{"name":"(anonymous_8)","decl":{"start":{"line":1140,"column":30},"end":{"line":1140,"column":33}},"loc":{"start":{"line":1140,"column":36},"end":{"line":1140,"column":65}}},"9":{"name":"(anonymous_9)","decl":{"start":{"line":1146,"column":29},"end":{"line":1146,"column":32}},"loc":{"start":{"line":1146,"column":35},"end":{"line":1146,"column":63}}},"10":{"name":"(anonymous_10)","decl":{"start":{"line":1152,"column":32},"end":{"line":1152,"column":35}},"loc":{"start":{"line":1152,"column":38},"end":{"line":1152,"column":69}}},"11":{"name":"(anonymous_11)","decl":{"start":{"line":1158,"column":27},"end":{"line":1158,"column":30}},"loc":{"start":{"line":1158,"column":33},"end":{"line":1158,"column":59}}},"12":{"name":"(anonymous_12)","decl":{"start":{"line":1164,"column":30},"end":{"line":1164,"column":33}},"loc":{"start":{"line":1164,"column":36},"end":{"line":1164,"column":65}}},"13":{"name":"(anonymous_13)","decl":{"start":{"line":1170,"column":38},"end":{"line":1170,"column":41}},"loc":{"start":{"line":1170,"column":44},"end":{"line":1170,"column":81}}},"14":{"name":"(anonymous_14)","decl":{"start":{"line":1176,"column":32},"end":{"line":1176,"column":35}},"loc":{"start":{"line":1176,"column":38},"end":{"line":1176,"column":69}}},"15":{"name":"(anonymous_15)","decl":{"start":{"line":1182,"column":26},"end":{"line":1182,"column":29}},"loc":{"start":{"line":1182,"column":32},"end":{"line":1182,"column":57}}},"16":{"name":"(anonymous_16)","decl":{"start":{"line":1188,"column":32},"end":{"line":1188,"column":35}},"loc":{"start":{"line":1188,"column":38},"end":{"line":1188,"column":69}}},"17":{"name":"(anonymous_17)","decl":{"start":{"line":1194,"column":26},"end":{"line":1194,"column":29}},"loc":{"start":{"line":1194,"column":32},"end":{"line":1194,"column":57}}},"18":{"name":"(anonymous_18)","decl":{"start":{"line":1200,"column":25},"end":{"line":1200,"column":28}},"loc":{"start":{"line":1200,"column":31},"end":{"line":1200,"column":55}}},"19":{"name":"(anonymous_19)","decl":{"start":{"line":1206,"column":32},"end":{"line":1206,"column":35}},"loc":{"start":{"line":1206,"column":38},"end":{"line":1206,"column":69}}},"20":{"name":"(anonymous_20)","decl":{"start":{"line":1212,"column":28},"end":{"line":1212,"column":31}},"loc":{"start":{"line":1212,"column":34},"end":{"line":1212,"column":61}}},"21":{"name":"(anonymous_21)","decl":{"start":{"line":1218,"column":27},"end":{"line":1218,"column":30}},"loc":{"start":{"line":1218,"column":33},"end":{"line":1218,"column":59}}},"22":{"name":"(anonymous_22)","decl":{"start":{"line":1224,"column":29},"end":{"line":1224,"column":32}},"loc":{"start":{"line":1224,"column":35},"end":{"line":1224,"column":63}}},"23":{"name":"(anonymous_23)","decl":{"start":{"line":1231,"column":32},"end":{"line":1231,"column":35}},"loc":{"start":{"line":1231,"column":38},"end":{"line":1231,"column":67}}}},"branchMap":{},"s":{"0":1,"1":1,"2":1,"3":1,"4":1,"5":1,"6":1,"7":1,"8":1,"9":1,"10":1,"11":1,"12":1,"13":1,"14":1,"15":1,"16":1,"17":1,"18":41,"19":1,"20":1,"21":1,"22":1,"23":1,"24":1,"25":1,"26":1,"27":1,"28":1,"29":1,"30":1,"31":1,"32":1,"33":1,"34":1,"35":1,"36":1,"37":1,"38":1,"39":1,"40":1,"41":1,"42":1,"43":1,"44":1,"45":1,"46":1,"47":1,"48":0,"49":1,"50":1,"51":0,"52":1,"53":1,"54":0,"55":1,"56":1,"57":0,"58":1,"59":1,"60":0,"61":1,"62":1,"63":0,"64":1,"65":1,"66":0,"67":1,"68":1,"69":0,"70":1,"71":1,"72":0,"73":1,"74":1,"75":0,"76":1,"77":1,"78":0,"79":1,"80":1,"81":0,"82":1,"83":1,"84":0,"85":1,"86":1,"87":0,"88":1,"89":1,"90":0,"91":1,"92":1,"93":0,"94":1,"95":1,"96":0,"97":1,"98":1,"99":0,"100":1,"101":1,"102":0,"103":1,"104":1,"105":0,"106":1,"107":1,"108":0,"109":1,"110":1,"111":0,"112":1},"f":{"0":1,"1":41,"2":0,"3":0,"4":0,"5":0,"6":0,"7":0,"8":0,"9":0,"10":0,"11":0,"12":0,"13":0,"14":0,"15":0,"16":0,"17":0,"18":0,"19":0,"20":0,"21":0,"22":0,"23":0},"b":{}}
,"/home/runner/work/json-random/json-random/src/number.ts": {"path":"/home/runner/work/json-random/json-random/src/number.ts","statementMap":{"0":{"start":{"line":1,"column":19},"end":{"line":5,"column":1}},"1":{"start":{"line":2,"column":12},"end":{"line":2,"column":57}},"2":{"start":{"line":3,"column":2},"end":{"line":3,"column":42}},"3":{"start":{"line":4,"column":2},"end":{"line":4,"column":13}},"4":{"start":{"line":1,"column":13},"end":{"line":1,"column":19}}},"fnMap":{"0":{"name":"(anonymous_0)","decl":{"start":{"line":1,"column":19},"end":{"line":1,"column":20}},"loc":{"start":{"line":1,"column":56},"end":{"line":5,"column":1}}}},"branchMap":{},"s":{"0":2,"1":1464,"2":1464,"3":1464,"4":2},"f":{"0":1464},"b":{}}
,"/home/runner/work/json-random/json-random/src/string.ts": {"path":"/home/runner/work/json-random/json-random/src/string.ts","statementMap":{"0":{"start":{"line":37,"column":0},"end":{"line":37,"column":16}},"1":{"start":{"line":38,"column":2},"end":{"line":38,"column":46}},"2":{"start":{"line":38,"column":33},"end":{"line":38,"column":46}},"3":{"start":{"line":39,"column":14},"end":{"line":39,"column":27}},"4":{"start":{"line":40,"column":2},"end":{"line":67,"column":3}},"5":{"start":{"line":42,"column":26},"end":{"line":42,"column":31}},"6":{"start":{"line":43,"column":6},"end":{"line":43,"column":63}},"7":{"start":{"line":46,"column":36},"end":{"line":46,"column":41}},"8":{"start":{"line":47,"column":20},"end":{"line":47,"column":59}},"9":{"start":{"line":48,"column":16},"end":{"line":48,"column":18}},"10":{"start":{"line":49,"column":6},"end":{"line":49,"column":67}},"11":{"start":{"line":49,"column":19},"end":{"line":49,"column":20}},"12":{"start":{"line":49,"column":38},"end":{"line":49,"column":67}},"13":{"start":{"line":50,"column":6},"end":{"line":50,"column":17}},"14":{"start":{"line":53,"column":38},"end":{"line":53,"column":43}},"15":{"start":{"line":54,"column":16},"end":{"line":54,"column":18}},"16":{"start":{"line":55,"column":6},"end":{"line":58,"column":7}},"17":{"start":{"line":55,"column":19},"end":{"line":55,"column":20}},"18":{"start":{"line":56,"column":26},"end":{"line":56,"column":65}},"19":{"start":{"line":57,"column":8},"end":{"line":57,"column":47}},"20":{"start":{"line":59,"column":6},"end":{"line":59,"column":17}},"21":{"start":{"line":62,"column":27},"end":{"line":62,"column":32}},"22":{"start":{"line":63,"column":6},"end":{"line":63,"column":46}},"23":{"start":{"line":66,"column":6},"end":{"line":66,"column":44}}},"fnMap":{"0":{"name":"randomString","decl":{"start":{"line":37,"column":16},"end":{"line":37,"column":28}},"loc":{"start":{"line":37,"column":41},"end":{"line":68,"column":1}}}},"branchMap":{"0":{"loc":{"start":{"line":38,"column":2},"end":{"line":38,"column":46}},"type":"if","locations":[{"start":{"line":38,"column":2},"end":{"line":38,"column":46}}]},"1":{"loc":{"start":{"line":40,"column":2},"end":{"line":67,"column":3}},"type":"switch","locations":[{"start":{"line":41,"column":4},"end":{"line":44,"column":5}},{"start":{"line":45,"column":4},"end":{"line":51,"column":5}},{"start":{"line":52,"column":4},"end":{"line":60,"column":5}},{"start":{"line":61,"column":4},"end":{"line":64,"column":5}},{"start":{"line":65,"column":4},"end":{"line":66,"column":44}}]},"2":{"loc":{"start":{"line":53,"column":25},"end":{"line":53,"column":34}},"type":"default-arg","locations":[{"start":{"line":53,"column":33},"end":{"line":53,"column":34}}]}},"s":{"0":4,"1":30223,"2":2672,"3":27551,"4":27551,"5":799,"6":799,"7":244,"8":244,"9":244,"10":244,"11":244,"12":26265,"13":244,"14":26286,"15":26286,"16":26286,"17":26286,"18":26574,"19":26574,"20":26286,"21":222,"22":222,"23":0},"f":{"0":30223},"b":{"0":[2672],"1":[799,244,26286,222,0],"2":[26205]}}
,"/home/runner/work/json-random/json-random/src/util.ts": {"path":"/home/runner/work/json-random/json-random/src/util.ts","statementMap":{"0":{"start":{"line":1,"column":0},"end":{"line":1,"column":67}},"1":{"start":{"line":3,"column":15},"end":{"line":3,"column":26}},"2":{"start":{"line":6,"column":2},"end":{"line":10,"column":3}},"3":{"start":{"line":7,"column":2},"end":{"line":10,"column":3}},"4":{"start":{"line":8,"column":4},"end":{"line":8,"column":39}},"5":{"start":{"line":9,"column":4},"end":{"line":9,"column":35}},"6":{"start":{"line":5,"column":13},"end":{"line":5,"column":null}},"7":{"start":{"line":28,"column":29},"end":{"line":36,"column":1}},"8":{"start":{"line":29,"column":19},"end":{"line":29,"column":41}},"9":{"start":{"line":30,"column":2},"end":{"line":30,"column":83}},"10":{"start":{"line":31,"column":2},"end":{"line":35,"column":3}},"11":{"start":{"line":32,"column":4},"end":{"line":32,"column":18}},"12":{"start":{"line":34,"column":4},"end":{"line":34,"column":39}},"13":{"start":{"line":34,"column":18},"end":{"line":34,"column":39}},"14":{"start":{"line":28,"column":13},"end":{"line":28,"column":29}},"15":{"start":{"line":38,"column":18},"end":{"line":38,"column":23}},"16":{"start":{"line":39,"column":19},"end":{"line":39,"column":30}},"17":{"start":{"line":47,"column":21},"end":{"line":66,"column":1}},"18":{"start":{"line":48,"column":2},"end":{"line":48,"column":23}},"19":{"start":{"line":48,"column":12},"end":{"line":48,"column":23}},"20":{"start":{"line":49,"column":2},"end":{"line":64,"column":3}},"21":{"start":{"line":50,"column":27},"end":{"line":50,"column":29}},"22":{"start":{"line":51,"column":19},"end":{"line":51,"column":29}},"23":{"start":{"line":52,"column":4},"end":{"line":52,"column":61}},"24":{"start":{"line":52,"column":17},"end":{"line":52,"column":18}},"25":{"start":{"line":52,"column":37},"end":{"line":52,"column":61}},"26":{"start":{"line":53,"column":4},"end":{"line":53,"column":31}},"27":{"start":{"line":54,"column":9},"end":{"line":64,"column":3}},"28":{"start":{"line":55,"column":4},"end":{"line":55,"column":70}},"29":{"start":{"line":55,"column":27},"end":{"line":55,"column":70}},"30":{"start":{"line":56,"column":17},"end":{"line":56,"column":33}},"31":{"start":{"line":57,"column":19},"end":{"line":57,"column":30}},"32":{"start":{"line":58,"column":27},"end":{"line":58,"column":29}},"33":{"start":{"line":59,"column":4},"end":{"line":62,"column":5}},"34":{"start":{"line":59,"column":17},"end":{"line":59,"column":18}},"35":{"start":{"line":60,"column":18},"end":{"line":60,"column":25}},"36":{"start":{"line":61,"column":6},"end":{"line":61,"column":48}},"37":{"start":{"line":63,"column":4},"end":{"line":63,"column":21}},"38":{"start":{"line":65,"column":2},"end":{"line":65,"column":13}},"39":{"start":{"line":47,"column":13},"end":{"line":47,"column":21}}},"fnMap":{"0":{"name":"(anonymous_0)","decl":{"start":{"line":6,"column":2},"end":{"line":6,"column":3}},"loc":{"start":{"line":7,"column":2},"end":{"line":10,"column":3}}},"1":{"name":"(anonymous_1)","decl":{"start":{"line":7,"column":2},"end":{"line":7,"column":5}},"loc":{"start":{"line":7,"column":7},"end":{"line":10,"column":3}}},"2":{"name":"(anonymous_2)","decl":{"start":{"line":28,"column":29},"end":{"line":28,"column":33}},"loc":{"start":{"line":28,"column":87},"end":{"line":36,"column":1}}},"3":{"name":"(anonymous_3)","decl":{"start":{"line":47,"column":21},"end":{"line":47,"column":35}},"loc":{"start":{"line":47,"column":48},"end":{"line":66,"column":1}}}},"branchMap":{"0":{"loc":{"start":{"line":6,"column":3},"end":{"line":6,"column":19}},"type":"default-arg","locations":[{"start":{"line":6,"column":10},"end":{"line":6,"column":19}}]},"1":{"loc":{"start":{"line":30,"column":16},"end":{"line":30,"column":82}},"type":"cond-expr","locations":[{"start":{"line":30,"column":48},"end":{"line":30,"column":55}},{"start":{"line":30,"column":58},"end":{"line":30,"column":82}}]},"2":{"loc":{"start":{"line":34,"column":4},"end":{"line":34,"column":39}},"type":"if","locations":[{"start":{"line":34,"column":4},"end":{"line":34,"column":39}}]},"3":{"loc":{"start":{"line":48,"column":2},"end":{"line":48,"column":23}},"type":"if","locations":[{"start":{"line":48,"column":2},"end":{"line":48,"column":23}}]},"4":{"loc":{"start":{"line":49,"column":2},"end":{"line":64,"column":3}},"type":"if","locations":[{"start":{"line":49,"column":2},"end":{"line":64,"column":3}},{"start":{"line":54,"column":9},"end":{"line":64,"column":3}}]},"5":{"loc":{"start":{"line":54,"column":9},"end":{"line":64,"column":3}},"type":"if","locations":[{"start":{"line":54,"column":9},"end":{"line":64,"column":3}}]},"6":{"loc":{"start":{"line":55,"column":4},"end":{"line":55,"column":70}},"type":"if","locations":[{"start":{"line":55,"column":4},"end":{"line":55,"column":70}}]}},"s":{"0":3,"1":3,"2":3,"3":21,"4":28950,"5":28950,"6":3,"7":3,"8":21,"9":21,"10":21,"11":21,"12":21,"13":18,"14":3,"15":3,"16":3,"17":3,"18":30,"19":4,"20":26,"21":2,"22":2,"23":2,"24":2,"25":5,"26":2,"27":24,"28":3,"29":0,"30":3,"31":3,"32":3,"33":3,"34":3,"35":4,"36":4,"37":3,"38":21,"39":3},"f":{"0":21,"1":28950,"2":21,"3":30},"b":{"0":[0],"1":[0,21],"2":[18],"3":[4],"4":[2,24],"5":[3],"6":[0]}}
,"/home/runner/work/json-random/json-random/src/__tests__/setup.ts": {"path":"/home/runner/work/json-random/json-random/src/__tests__/setup.ts","statementMap":{"0":{"start":{"line":1,"column":31},"end":{"line":6,"column":1}},"1":{"start":{"line":2,"column":2},"end":{"line":5,"column":4}},"2":{"start":{"line":3,"column":4},"end":{"line":3,"column":39}},"3":{"start":{"line":4,"column":4},"end":{"line":4,"column":35}},"4":{"start":{"line":1,"column":13},"end":{"line":1,"column":31}}},"fnMap":{"0":{"name":"(anonymous_0)","decl":{"start":{"line":1,"column":31},"end":{"line":1,"column":32}},"loc":{"start":{"line":1,"column":52},"end":{"line":6,"column":1}}},"1":{"name":"(anonymous_1)","decl":{"start":{"line":2,"column":16},"end":{"line":2,"column":19}},"loc":{"start":{"line":2,"column":21},"end":{"line":5,"column":3}}}},"branchMap":{"0":{"loc":{"start":{"line":1,"column":32},"end":{"line":1,"column":48}},"type":"default-arg","locations":[{"start":{"line":1,"column":39},"end":{"line":1,"column":48}}]}},"s":{"0":1,"1":34,"2":161,"3":161,"4":1},"f":{"0":34,"1":161},"b":{"0":[32]}}
,"/home/runner/work/json-random/json-random/src/structured/TemplateJson.ts": {"path":"/home/runner/work/json-random/json-random/src/structured/TemplateJson.ts","statementMap":{"0":{"start":{"line":1,"column":0},"end":{"line":1,"column":30}},"1":{"start":{"line":2,"column":0},"end":{"line":2,"column":39}},"2":{"start":{"line":3,"column":0},"end":{"line":3,"column":30}},"3":{"start":{"line":4,"column":0},"end":{"line":4,"column":41}},"4":{"start":{"line":41,"column":20},"end":{"line":41,"column":41}},"5":{"start":{"line":42,"column":20},"end":{"line":42,"column":45}},"6":{"start":{"line":37,"column":12},"end":{"line":37,"column":30}},"7":{"start":{"line":44,"column":4},"end":{"line":44,"column":41}},"8":{"start":{"line":48,"column":4},"end":{"line":48,"column":40}},"9":{"start":{"line":52,"column":4},"end":{"line":52,"column":17}},"10":{"start":{"line":53,"column":4},"end":{"line":53,"column":50}},"11":{"start":{"line":53,"column":38},"end":{"line":53,"column":50}},"12":{"start":{"line":54,"column":35},"end":{"line":54,"column":72}},"13":{"start":{"line":55,"column":17},"end":{"line":55,"column":28}},"14":{"start":{"line":56,"column":4},"end":{"line":81,"column":5}},"15":{"start":{"line":58,"column":8},"end":{"line":58,"column":61}},"16":{"start":{"line":60,"column":8},"end":{"line":60,"column":63}},"17":{"start":{"line":62,"column":8},"end":{"line":62,"column":57}},"18":{"start":{"line":64,"column":8},"end":{"line":64,"column":63}},"19":{"start":{"line":66,"column":8},"end":{"line":66,"column":63}},"20":{"start":{"line":68,"column":8},"end":{"line":68,"column":65}},"21":{"start":{"line":70,"column":8},"end":{"line":70,"column":61}},"22":{"start":{"line":72,"column":8},"end":{"line":72,"column":65}},"23":{"start":{"line":74,"column":8},"end":{"line":74,"column":20}},"24":{"start":{"line":76,"column":8},"end":{"line":76,"column":53}},"25":{"start":{"line":78,"column":8},"end":{"line":78,"column":48}},"26":{"start":{"line":80,"column":8},"end":{"line":80,"column":58}},"27":{"start":{"line":85,"column":4},"end":{"line":85,"column":47}},"28":{"start":{"line":85,"column":36},"end":{"line":85,"column":47}},"29":{"start":{"line":86,"column":4},"end":{"line":86,"column":75}},"30":{"start":{"line":86,"column":42},"end":{"line":86,"column":75}},"31":{"start":{"line":87,"column":4},"end":{"line":87,"column":29}},"32":{"start":{"line":87,"column":19},"end":{"line":87,"column":29}},"33":{"start":{"line":88,"column":4},"end":{"line":88,"column":25}},"34":{"start":{"line":92,"column":77},"end":{"line":92,"column":85}},"35":{"start":{"line":93,"column":19},"end":{"line":93,"column":40}},"36":{"start":{"line":94,"column":30},"end":{"line":94,"column":32}},"37":{"start":{"line":95,"column":4},"end":{"line":95,"column":60}},"38":{"start":{"line":95,"column":28},"end":{"line":95,"column":60}},"39":{"start":{"line":96,"column":4},"end":{"line":96,"column":78}},"40":{"start":{"line":96,"column":17},"end":{"line":96,"column":18}},"41":{"start":{"line":96,"column":37},"end":{"line":96,"column":78}},"42":{"start":{"line":97,"column":4},"end":{"line":97,"column":60}},"43":{"start":{"line":97,"column":28},"end":{"line":97,"column":60}},"44":{"start":{"line":98,"column":4},"end":{"line":98,"column":18}},"45":{"start":{"line":102,"column":28},"end":{"line":102,"column":36}},"46":{"start":{"line":103,"column":44},"end":{"line":103,"column":46}},"47":{"start":{"line":104,"column":4},"end":{"line":113,"column":5}},"48":{"start":{"line":105,"column":65},"end":{"line":105,"column":70}},"49":{"start":{"line":106,"column":6},"end":{"line":109,"column":7}},"50":{"start":{"line":107,"column":8},"end":{"line":107,"column":49}},"51":{"start":{"line":107,"column":40},"end":{"line":107,"column":49}},"52":{"start":{"line":108,"column":8},"end":{"line":108,"column":50}},"53":{"start":{"line":108,"column":41},"end":{"line":108,"column":50}},"54":{"start":{"line":110,"column":18},"end":{"line":110,"column":69}},"55":{"start":{"line":111,"column":20},"end":{"line":111,"column":48}},"56":{"start":{"line":112,"column":6},"end":{"line":112,"column":26}},"57":{"start":{"line":114,"column":4},"end":{"line":114,"column":18}},"58":{"start":{"line":118,"column":66},"end":{"line":118,"column":74}},"59":{"start":{"line":119,"column":19},"end":{"line":119,"column":40}},"60":{"start":{"line":120,"column":44},"end":{"line":120,"column":46}},"61":{"start":{"line":121,"column":18},"end":{"line":121,"column":55}},"62":{"start":{"line":122,"column":4},"end":{"line":126,"column":5}},"63":{"start":{"line":122,"column":17},"end":{"line":122,"column":18}},"64":{"start":{"line":123,"column":18},"end":{"line":123,"column":37}},"65":{"start":{"line":124,"column":20},"end":{"line":124,"column":48}},"66":{"start":{"line":125,"column":6},"end":{"line":125,"column":26}},"67":{"start":{"line":127,"column":4},"end":{"line":127,"column":18}},"68":{"start":{"line":131,"column":4},"end":{"line":131,"column":67}},"69":{"start":{"line":135,"column":4},"end":{"line":136,"column":56}},"70":{"start":{"line":135,"column":29},"end":{"line":135,"column":76}},"71":{"start":{"line":136,"column":9},"end":{"line":136,"column":56}},"72":{"start":{"line":140,"column":77},"end":{"line":140,"column":85}},"73":{"start":{"line":141,"column":4},"end":{"line":141,"column":25}},"74":{"start":{"line":145,"column":64},"end":{"line":145,"column":72}},"75":{"start":{"line":146,"column":16},"end":{"line":146,"column":49}},"76":{"start":{"line":147,"column":4},"end":{"line":147,"column":48}},"77":{"start":{"line":148,"column":4},"end":{"line":148,"column":17}},"78":{"start":{"line":152,"column":18},"end":{"line":152,"column":29}},"79":{"start":{"line":153,"column":4},"end":{"line":153,"column":61}},"80":{"start":{"line":157,"column":4},"end":{"line":157,"column":30}},"81":{"start":{"line":161,"column":27},"end":{"line":161,"column":35}},"82":{"start":{"line":162,"column":18},"end":{"line":162,"column":44}},"83":{"start":{"line":163,"column":4},"end":{"line":163,"column":41}},"84":{"start":{"line":31,"column":0},"end":{"line":31,"column":13}},"85":{"start":{"line":32,"column":25},"end":{"line":32,"column":31}},"86":{"start":{"line":33,"column":22},"end":{"line":33,"column":54}},"87":{"start":{"line":34,"column":4},"end":{"line":34,"column":27}}},"fnMap":{"0":{"name":"(anonymous_0)","decl":{"start":{"line":40,"column":2},"end":{"line":40,"column":null}},"loc":{"start":{"line":42,"column":47},"end":{"line":45,"column":3}}},"1":{"name":"(anonymous_1)","decl":{"start":{"line":47,"column":9},"end":{"line":47,"column":12}},"loc":{"start":{"line":47,"column":12},"end":{"line":49,"column":3}}},"2":{"name":"(anonymous_2)","decl":{"start":{"line":51,"column":12},"end":{"line":51,"column":20}},"loc":{"start":{"line":51,"column":34},"end":{"line":82,"column":3}}},"3":{"name":"(anonymous_3)","decl":{"start":{"line":84,"column":12},"end":{"line":84,"column":18}},"loc":{"start":{"line":84,"column":43},"end":{"line":89,"column":3}}},"4":{"name":"(anonymous_4)","decl":{"start":{"line":91,"column":12},"end":{"line":91,"column":25}},"loc":{"start":{"line":91,"column":49},"end":{"line":99,"column":3}}},"5":{"name":"(anonymous_5)","decl":{"start":{"line":101,"column":12},"end":{"line":101,"column":26}},"loc":{"start":{"line":101,"column":51},"end":{"line":115,"column":3}}},"6":{"name":"(anonymous_6)","decl":{"start":{"line":117,"column":12},"end":{"line":117,"column":23}},"loc":{"start":{"line":117,"column":45},"end":{"line":128,"column":3}}},"7":{"name":"(anonymous_7)","decl":{"start":{"line":130,"column":12},"end":{"line":130,"column":26}},"loc":{"start":{"line":130,"column":51},"end":{"line":132,"column":3}}},"8":{"name":"(anonymous_8)","decl":{"start":{"line":134,"column":12},"end":{"line":134,"column":26}},"loc":{"start":{"line":134,"column":55},"end":{"line":137,"column":3}}},"9":{"name":"(anonymous_9)","decl":{"start":{"line":139,"column":12},"end":{"line":139,"column":27}},"loc":{"start":{"line":139,"column":53},"end":{"line":142,"column":3}}},"10":{"name":"(anonymous_10)","decl":{"start":{"line":144,"column":12},"end":{"line":144,"column":25}},"loc":{"start":{"line":144,"column":49},"end":{"line":149,"column":3}}},"11":{"name":"(anonymous_11)","decl":{"start":{"line":151,"column":12},"end":{"line":151,"column":27}},"loc":{"start":{"line":151,"column":53},"end":{"line":154,"column":3}}},"12":{"name":"(anonymous_12)","decl":{"start":{"line":156,"column":12},"end":{"line":156,"column":27}},"loc":{"start":{"line":156,"column":53},"end":{"line":158,"column":3}}},"13":{"name":"(anonymous_13)","decl":{"start":{"line":160,"column":12},"end":{"line":160,"column":22}},"loc":{"start":{"line":160,"column":43},"end":{"line":164,"column":3}}},"14":{"name":"(anonymous_14)","decl":{"start":{"line":32,"column":31},"end":{"line":32,"column":32}},"loc":{"start":{"line":32,"column":89},"end":{"line":35,"column":null}}}},"branchMap":{"0":{"loc":{"start":{"line":41,"column":20},"end":{"line":41,"column":54}},"type":"default-arg","locations":[{"start":{"line":41,"column":41},"end":{"line":41,"column":54}}]},"1":{"loc":{"start":{"line":42,"column":20},"end":{"line":42,"column":47}},"type":"default-arg","locations":[{"start":{"line":42,"column":45},"end":{"line":42,"column":47}}]},"2":{"loc":{"start":{"line":44,"column":20},"end":{"line":44,"column":40}},"type":"cond-expr","locations":[{"start":{"line":44,"column":33},"end":{"line":44,"column":37}},{"start":{"line":44,"column":37},"end":{"line":44,"column":40}}]},"3":{"loc":{"start":{"line":44,"column":20},"end":{"line":44,"column":37}},"type":"binary-expr","locations":[{"start":{"line":44,"column":20},"end":{"line":44,"column":37}},{"start":{"line":44,"column":33},"end":{"line":44,"column":37}}]},"4":{"loc":{"start":{"line":54,"column":35},"end":{"line":54,"column":72}},"type":"cond-expr","locations":[{"start":{"line":54,"column":61},"end":{"line":54,"column":66}},{"start":{"line":54,"column":69},"end":{"line":54,"column":72}}]},"5":{"loc":{"start":{"line":56,"column":4},"end":{"line":81,"column":5}},"type":"switch","locations":[{"start":{"line":57,"column":6},"end":{"line":58,"column":61}},{"start":{"line":59,"column":6},"end":{"line":60,"column":63}},{"start":{"line":61,"column":6},"end":{"line":62,"column":57}},{"start":{"line":63,"column":6},"end":{"line":64,"column":63}},{"start":{"line":65,"column":6},"end":{"line":66,"column":63}},{"start":{"line":67,"column":6},"end":{"line":68,"column":65}},{"start":{"line":69,"column":6},"end":{"line":70,"column":61}},{"start":{"line":71,"column":6},"end":{"line":72,"column":65}},{"start":{"line":73,"column":6},"end":{"line":74,"column":20}},{"start":{"line":75,"column":6},"end":{"line":76,"column":53}},{"start":{"line":77,"column":6},"end":{"line":78,"column":48}},{"start":{"line":79,"column":6},"end":{"line":80,"column":58}}]},"6":{"loc":{"start":{"line":85,"column":4},"end":{"line":85,"column":47}},"type":"if","locations":[{"start":{"line":85,"column":4},"end":{"line":85,"column":47}}]},"7":{"loc":{"start":{"line":86,"column":4},"end":{"line":86,"column":75}},"type":"if","locations":[{"start":{"line":86,"column":4},"end":{"line":86,"column":75}}]},"8":{"loc":{"start":{"line":87,"column":4},"end":{"line":87,"column":29}},"type":"if","locations":[{"start":{"line":87,"column":4},"end":{"line":87,"column":29}}]},"9":{"loc":{"start":{"line":92,"column":13},"end":{"line":92,"column":20}},"type":"default-arg","locations":[{"start":{"line":92,"column":19},"end":{"line":92,"column":20}}]},"10":{"loc":{"start":{"line":92,"column":22},"end":{"line":92,"column":29}},"type":"default-arg","locations":[{"start":{"line":92,"column":28},"end":{"line":92,"column":29}}]},"11":{"loc":{"start":{"line":92,"column":31},"end":{"line":92,"column":51}},"type":"default-arg","locations":[{"start":{"line":92,"column":46},"end":{"line":92,"column":51}}]},"12":{"loc":{"start":{"line":92,"column":53},"end":{"line":92,"column":62}},"type":"default-arg","locations":[{"start":{"line":92,"column":60},"end":{"line":92,"column":62}}]},"13":{"loc":{"start":{"line":92,"column":64},"end":{"line":92,"column":73}},"type":"default-arg","locations":[{"start":{"line":92,"column":71},"end":{"line":92,"column":73}}]},"14":{"loc":{"start":{"line":102,"column":13},"end":{"line":102,"column":24}},"type":"default-arg","locations":[{"start":{"line":102,"column":22},"end":{"line":102,"column":24}}]},"15":{"loc":{"start":{"line":105,"column":23},"end":{"line":105,"column":44}},"type":"default-arg","locations":[{"start":{"line":105,"column":39},"end":{"line":105,"column":44}}]},"16":{"loc":{"start":{"line":105,"column":46},"end":{"line":105,"column":61}},"type":"default-arg","locations":[{"start":{"line":105,"column":60},"end":{"line":105,"column":61}}]},"17":{"loc":{"start":{"line":106,"column":6},"end":{"line":109,"column":7}},"type":"if","locations":[{"start":{"line":106,"column":6},"end":{"line":109,"column":7}}]},"18":{"loc":{"start":{"line":107,"column":8},"end":{"line":107,"column":49}},"type":"if","locations":[{"start":{"line":107,"column":8},"end":{"line":107,"column":49}}]},"19":{"loc":{"start":{"line":108,"column":8},"end":{"line":108,"column":50}},"type":"if","locations":[{"start":{"line":108,"column":8},"end":{"line":108,"column":50}}]},"20":{"loc":{"start":{"line":110,"column":31},"end":{"line":110,"column":68}},"type":"cond-expr","locations":[{"start":{"line":110,"column":31},"end":{"line":110,"column":39}},{"start":{"line":110,"column":43},"end":{"line":110,"column":68}}]},"21":{"loc":{"start":{"line":110,"column":31},"end":{"line":110,"column":43}},"type":"binary-expr","locations":[{"start":{"line":110,"column":31},"end":{"line":110,"column":43}},{"start":{"line":110,"column":31},"end":{"line":110,"column":43}}]},"22":{"loc":{"start":{"line":118,"column":23},"end":{"line":118,"column":44}},"type":"default-arg","locations":[{"start":{"line":118,"column":39},"end":{"line":118,"column":44}}]},"23":{"loc":{"start":{"line":118,"column":46},"end":{"line":118,"column":53}},"type":"default-arg","locations":[{"start":{"line":118,"column":52},"end":{"line":118,"column":53}}]},"24":{"loc":{"start":{"line":118,"column":55},"end":{"line":118,"column":62}},"type":"default-arg","locations":[{"start":{"line":118,"column":61},"end":{"line":118,"column":62}}]},"25":{"loc":{"start":{"line":121,"column":18},"end":{"line":121,"column":55}},"type":"cond-expr","locations":[{"start":{"line":121,"column":18},"end":{"line":121,"column":26}},{"start":{"line":121,"column":30},"end":{"line":121,"column":55}}]},"26":{"loc":{"start":{"line":121,"column":18},"end":{"line":121,"column":30}},"type":"binary-expr","locations":[{"start":{"line":121,"column":18},"end":{"line":121,"column":30}},{"start":{"line":121,"column":18},"end":{"line":121,"column":30}}]},"27":{"loc":{"start":{"line":131,"column":24},"end":{"line":131,"column":65}},"type":"cond-expr","locations":[{"start":{"line":131,"column":35},"end":{"line":131,"column":39}},{"start":{"line":131,"column":39},"end":{"line":131,"column":65}}]},"28":{"loc":{"start":{"line":131,"column":24},"end":{"line":131,"column":39}},"type":"binary-expr","locations":[{"start":{"line":131,"column":24},"end":{"line":131,"column":39}},{"start":{"line":131,"column":35},"end":{"line":131,"column":39}}]},"29":{"loc":{"start":{"line":135,"column":4},"end":{"line":136,"column":56}},"type":"if","locations":[{"start":{"line":135,"column":4},"end":{"line":136,"column":56}},{"start":{"line":136,"column":9},"end":{"line":136,"column":56}}]},"30":{"loc":{"start":{"line":140,"column":13},"end":{"line":140,"column":42}},"type":"default-arg","locations":[{"start":{"line":140,"column":19},"end":{"line":140,"column":42}}]},"31":{"loc":{"start":{"line":140,"column":44},"end":{"line":140,"column":73}},"type":"default-arg","locations":[{"start":{"line":140,"column":50},"end":{"line":140,"column":73}}]},"32":{"loc":{"start":{"line":145,"column":13},"end":{"line":145,"column":36}},"type":"default-arg","locations":[{"start":{"line":145,"column":19},"end":{"line":145,"column":36}}]},"33":{"loc":{"start":{"line":145,"column":38},"end":{"line":145,"column":60}},"type":"default-arg","locations":[{"start":{"line":145,"column":44},"end":{"line":145,"column":60}}]},"34":{"loc":{"start":{"line":153,"column":11},"end":{"line":153,"column":60}},"type":"cond-expr","locations":[{"start":{"line":153,"column":33},"end":{"line":153,"column":38}},{"start":{"line":153,"column":41},"end":{"line":153,"column":60}}]}},"s":{"0":2,"1":2,"2":2,"3":2,"4":108,"5":108,"6":108,"7":108,"8":108,"9":3185,"10":3185,"11":52,"12":3185,"13":3185,"14":3185,"15":247,"16":939,"17":10,"18":512,"19":3,"20":1359,"21":29,"22":19,"23":11,"24":21,"25":35,"26":0,"27":257,"28":187,"29":70,"30":5,"31":70,"32":4,"33":70,"34":247,"35":247,"36":247,"37":247,"38":8,"39":247,"40":247,"41":1338,"42":247,"43":5,"44":247,"45":939,"46":939,"47":939,"48":1703,"49":1703,"50":76,"51":13,"52":63,"53":22,"54":1668,"55":1668,"56":1668,"57":939,"58":10,"59":10,"60":10,"61":10,"62":10,"63":10,"64":23,"65":23,"66":23,"67":10,"68":512,"69":3,"70":0,"71":3,"72":1359,"73":1359,"74":32,"75":32,"76":32,"77":32,"78":19,"79":19,"80":21,"81":35,"82":35,"83":35,"84":2,"85":2,"86":108,"87":108},"f":{"0":108,"1":108,"2":3185,"3":257,"4":247,"5":939,"6":10,"7":512,"8":3,"9":1359,"10":32,"11":19,"12":21,"13":35,"14":108},"b":{"0":[0],"1":[104],"2":[4,104],"3":[108,108],"4":[1270,1915],"5":[247,939,10,512,3,1359,29,19,11,21,35,0],"6":[187],"7":[5],"8":[4],"9":[1],"10":[1],"11":[4],"12":[222],"13":[223],"14":[1],"15":[0],"16":[1626],"17":[76],"18":[13],"19":[22],"20":[1667,1],"21":[1668,1667],"22":[2],"23":[5],"24":[5],"25":[3,7],"26":[10,4],"27":[379,133],"28":[512,512],"29":[0,3],"30":[1108],"31":[1108],"32":[3],"33":[3],"34":[2,17]}}
,"/home/runner/work/json-random/json-random/src/structured/templates.ts": {"path":"/home/runner/work/json-random/json-random/src/structured/templates.ts","statementMap":{"0":{"start":{"line":4,"column":13},"end":{"line":4,"column":35}},"1":{"start":{"line":6,"column":13},"end":{"line":13,"column":2}},"2":{"start":{"line":15,"column":13},"end":{"line":19,"column":2}},"3":{"start":{"line":21,"column":13},"end":{"line":21,"column":61}}},"fnMap":{},"branchMap":{},"s":{"0":2,"1":2,"2":2,"3":2},"f":{},"b":{}}
}
