TN:
SF:src/RandomJson.ts
FN:41,(anonymous_0)
FN:143,(anonymous_1)
FN:155,(anonymous_2)
FN:160,(anonymous_3)
FN:164,(anonymous_4)
FN:177,(anonymous_5)
FN:185,(anonymous_6)
FN:191,(anonymous_7)
FN:199,(anonymous_8)
FN:221,(anonymous_9)
FN:258,(anonymous_10)
FN:266,(anonymous_11)
FN:283,(anonymous_12)
FN:302,(anonymous_13)
FN:308,(anonymous_14)
FN:322,(anonymous_15)
FN:331,(anonymous_16)
FNF:17
FNH:15
FNDA:9741,(anonymous_0)
FNDA:1138,(anonymous_1)
FNDA:4,(anonymous_2)
FNDA:10,(anonymous_3)
FNDA:45,(anonymous_4)
FNDA:1098,(anonymous_5)
FNDA:0,(anonymous_6)
FNDA:1,(anonymous_7)
FNDA:1,(anonymous_8)
FNDA:6,(anonymous_9)
FNDA:6,(anonymous_10)
FNDA:108,(anonymous_11)
FNDA:108,(anonymous_12)
FNDA:44,(anonymous_13)
FNDA:108,(anonymous_14)
FNDA:0,(anonymous_15)
FNDA:108,(anonymous_16)
DA:1,1
DA:25,1
DA:41,1
DA:42,9741
DA:45,1
DA:143,1
DA:144,1138
DA:154,1
DA:156,4
DA:157,4
DA:161,10
DA:166,45
DA:173,45
DA:174,45
DA:178,1098
DA:179,1138
DA:180,9713
DA:181,1098
DA:182,1070
DA:186,0
DA:187,0
DA:188,0
DA:192,1
DA:200,1
DA:216,6
DA:222,6
DA:223,6
DA:224,6
DA:225,6
DA:226,6
DA:227,6
DA:228,6
DA:229,6
DA:230,6
DA:231,6
DA:239,6
DA:240,1
DA:241,1
DA:243,5
DA:251,5
DA:259,108
DA:260,6
DA:267,108
DA:268,108
DA:269,108
DA:270,108
DA:271,108
DA:272,54
DA:273,54
DA:275,54
DA:276,54
DA:284,108
DA:286,2
DA:288,9
DA:290,44
DA:292,43
DA:294,0
DA:296,6
DA:298,4
DA:303,44
DA:304,44
DA:309,108
DA:310,108
DA:311,106
DA:312,97
DA:313,53
DA:314,10
DA:315,10
DA:316,4
DA:323,0
DA:324,0
DA:325,0
DA:332,108
LF:73
LH:66
BRDA:166,0,0,35
BRDA:166,0,1,10
BRDA:168,1,0,2
BRDA:168,1,1,8
BRDA:170,2,0,1
BRDA:170,2,1,7
BRDA:173,3,0,0
BRDA:177,4,0,98
BRDA:179,5,0,116
BRDA:179,5,1,982
BRDA:181,6,0,28
BRDA:185,7,0,0
BRDA:191,8,0,1
BRDA:199,9,0,1
BRDA:221,10,0,1
BRDA:239,11,0,1
BRDA:239,11,1,5
BRDA:244,12,0,3
BRDA:244,12,1,2
BRDA:246,13,0,2
BRDA:246,13,1,0
BRDA:248,14,0,0
BRDA:248,14,1,0
BRDA:270,15,0,10
BRDA:270,16,0,108
BRDA:270,16,1,99
BRDA:271,17,0,54
BRDA:271,17,1,54
BRDA:284,18,0,2
BRDA:284,18,1,9
BRDA:284,18,2,44
BRDA:284,18,3,43
BRDA:284,18,4,0
BRDA:284,18,5,6
BRDA:284,18,6,4
BRDA:304,19,0,1
BRDA:304,19,1,43
BRDA:310,20,0,2
BRDA:311,21,0,9
BRDA:312,22,0,44
BRDA:313,23,0,43
BRDA:314,24,0,0
BRDA:315,25,0,6
BRDA:324,26,0,0
BRF:44
BRH:36
end_of_record
TN:
SF:src/examples.ts
FN:209,(anonymous_0)
FN:218,(anonymous_1)
FN:1104,(anonymous_2)
FN:1110,(anonymous_3)
FN:1116,(anonymous_4)
FN:1122,(anonymous_5)
FN:1128,(anonymous_6)
FN:1134,(anonymous_7)
FN:1140,(anonymous_8)
FN:1146,(anonymous_9)
FN:1152,(anonymous_10)
FN:1158,(anonymous_11)
FN:1164,(anonymous_12)
FN:1170,(anonymous_13)
FN:1176,(anonymous_14)
FN:1182,(anonymous_15)
FN:1188,(anonymous_16)
FN:1194,(anonymous_17)
FN:1200,(anonymous_18)
FN:1206,(anonymous_19)
FN:1212,(anonymous_20)
FN:1218,(anonymous_21)
FN:1224,(anonymous_22)
FN:1231,(anonymous_23)
FNF:24
FNH:2
FNDA:1,(anonymous_0)
FNDA:41,(anonymous_1)
FNDA:0,(anonymous_2)
FNDA:0,(anonymous_3)
FNDA:0,(anonymous_4)
FNDA:0,(anonymous_5)
FNDA:0,(anonymous_6)
FNDA:0,(anonymous_7)
FNDA:0,(anonymous_8)
FNDA:0,(anonymous_9)
FNDA:0,(anonymous_10)
FNDA:0,(anonymous_11)
FNDA:0,(anonymous_12)
FNDA:0,(anonymous_13)
FNDA:0,(anonymous_14)
FNDA:0,(anonymous_15)
FNDA:0,(anonymous_16)
FNDA:0,(anonymous_17)
FNDA:0,(anonymous_18)
FNDA:0,(anonymous_19)
FNDA:0,(anonymous_20)
FNDA:0,(anonymous_21)
FNDA:0,(anonymous_22)
FNDA:0,(anonymous_23)
DA:3,1
DA:9,1
DA:18,1
DA:28,1
DA:36,1
DA:45,1
DA:55,1
DA:76,1
DA:100,1
DA:123,1
DA:151,1
DA:181,1
DA:189,1
DA:197,1
DA:209,1
DA:218,41
DA:232,1
DA:268,1
DA:315,1
DA:325,1
DA:362,1
DA:426,1
DA:451,1
DA:463,1
DA:481,1
DA:521,1
DA:548,1
DA:566,1
DA:619,1
DA:639,1
DA:663,1
DA:712,1
DA:759,1
DA:825,1
DA:843,1
DA:914,1
DA:950,1
DA:962,1
DA:987,1
DA:999,1
DA:1013,1
DA:1034,1
DA:1060,1
DA:1104,1
DA:1110,1
DA:1116,1
DA:1122,1
DA:1128,1
DA:1134,1
DA:1140,1
DA:1146,1
DA:1152,1
DA:1158,1
DA:1164,1
DA:1170,1
DA:1176,1
DA:1182,1
DA:1188,1
DA:1194,1
DA:1200,1
DA:1206,1
DA:1212,1
DA:1218,1
DA:1224,1
DA:1231,1
LF:65
LH:65
BRF:0
BRH:0
end_of_record
TN:
SF:src/number.ts
FN:1,(anonymous_0)
FNF:1
FNH:1
FNDA:1464,(anonymous_0)
DA:1,2
DA:2,1464
DA:3,1464
DA:4,1464
LF:4
LH:4
BRF:0
BRH:0
end_of_record
TN:
SF:src/string.ts
FN:37,randomString
FNF:1
FNH:1
FNDA:30223,randomString
DA:37,4
DA:38,30223
DA:39,27551
DA:40,27551
DA:42,799
DA:43,799
DA:46,244
DA:47,244
DA:48,244
DA:49,26265
DA:50,244
DA:53,26286
DA:54,26286
DA:55,26286
DA:56,26574
DA:57,26574
DA:59,26286
DA:62,222
DA:63,222
DA:66,0
LF:20
LH:19
BRDA:38,0,0,2672
BRDA:40,1,0,799
BRDA:40,1,1,244
BRDA:40,1,2,26286
BRDA:40,1,3,222
BRDA:40,1,4,0
BRDA:53,2,0,26205
BRF:7
BRH:6
end_of_record
TN:
SF:src/util.ts
FN:6,(anonymous_0)
FN:7,(anonymous_1)
FN:28,(anonymous_2)
FN:47,(anonymous_3)
FNF:4
FNH:4
FNDA:21,(anonymous_0)
FNDA:28950,(anonymous_1)
FNDA:21,(anonymous_2)
FNDA:30,(anonymous_3)
DA:1,3
DA:3,3
DA:5,3
DA:6,3
DA:7,21
DA:8,28950
DA:9,28950
DA:28,3
DA:29,21
DA:30,21
DA:31,21
DA:32,21
DA:34,21
DA:38,3
DA:39,3
DA:47,3
DA:48,30
DA:49,26
DA:50,2
DA:51,2
DA:52,5
DA:53,2
DA:54,24
DA:55,3
DA:56,3
DA:57,3
DA:58,3
DA:59,3
DA:60,4
DA:61,4
DA:63,3
DA:65,21
LF:32
LH:32
BRDA:6,0,0,0
BRDA:30,1,0,0
BRDA:30,1,1,21
BRDA:34,2,0,18
BRDA:48,3,0,4
BRDA:49,4,0,2
BRDA:49,4,1,24
BRDA:54,5,0,3
BRDA:55,6,0,0
BRF:9
BRH:6
end_of_record
TN:
SF:src/__tests__/setup.ts
FN:1,(anonymous_0)
FN:2,(anonymous_1)
FNF:2
FNH:2
FNDA:34,(anonymous_0)
FNDA:161,(anonymous_1)
DA:1,1
DA:2,34
DA:3,161
DA:4,161
LF:4
LH:4
BRDA:1,0,0,32
BRF:1
BRH:1
end_of_record
TN:
SF:src/structured/TemplateJson.ts
FN:40,(anonymous_0)
FN:47,(anonymous_1)
FN:51,(anonymous_2)
FN:84,(anonymous_3)
FN:91,(anonymous_4)
FN:101,(anonymous_5)
FN:117,(anonymous_6)
FN:130,(anonymous_7)
FN:134,(anonymous_8)
FN:139,(anonymous_9)
FN:144,(anonymous_10)
FN:151,(anonymous_11)
FN:156,(anonymous_12)
FN:160,(anonymous_13)
FN:32,(anonymous_14)
FNF:15
FNH:15
FNDA:108,(anonymous_0)
FNDA:108,(anonymous_1)
FNDA:3185,(anonymous_2)
FNDA:257,(anonymous_3)
FNDA:247,(anonymous_4)
FNDA:939,(anonymous_5)
FNDA:10,(anonymous_6)
FNDA:512,(anonymous_7)
FNDA:3,(anonymous_8)
FNDA:1359,(anonymous_9)
FNDA:32,(anonymous_10)
FNDA:19,(anonymous_11)
FNDA:21,(anonymous_12)
FNDA:35,(anonymous_13)
FNDA:108,(anonymous_14)
DA:1,2
DA:2,2
DA:3,2
DA:4,2
DA:31,2
DA:32,2
DA:33,108
DA:34,108
DA:37,108
DA:41,108
DA:42,108
DA:44,108
DA:48,108
DA:52,3185
DA:53,3185
DA:54,3185
DA:55,3185
DA:56,3185
DA:58,247
DA:60,939
DA:62,10
DA:64,512
DA:66,3
DA:68,1359
DA:70,29
DA:72,19
DA:74,11
DA:76,21
DA:78,35
DA:80,0
DA:85,257
DA:86,70
DA:87,70
DA:88,70
DA:92,247
DA:93,247
DA:94,247
DA:95,247
DA:96,1338
DA:97,247
DA:98,247
DA:102,939
DA:103,939
DA:104,939
DA:105,1703
DA:106,1703
DA:107,76
DA:108,63
DA:110,1668
DA:111,1668
DA:112,1668
DA:114,939
DA:118,10
DA:119,10
DA:120,10
DA:121,10
DA:122,10
DA:123,23
DA:124,23
DA:125,23
DA:127,10
DA:131,512
DA:135,3
DA:136,3
DA:140,1359
DA:141,1359
DA:145,32
DA:146,32
DA:147,32
DA:148,32
DA:152,19
DA:153,19
DA:157,21
DA:161,35
DA:162,35
DA:163,35
LF:76
LH:75
BRDA:41,0,0,0
BRDA:42,1,0,104
BRDA:44,2,0,4
BRDA:44,2,1,104
BRDA:44,3,0,108
BRDA:44,3,1,108
BRDA:54,4,0,1270
BRDA:54,4,1,1915
BRDA:56,5,0,247
BRDA:56,5,1,939
BRDA:56,5,2,10
BRDA:56,5,3,512
BRDA:56,5,4,3
BRDA:56,5,5,1359
BRDA:56,5,6,29
BRDA:56,5,7,19
BRDA:56,5,8,11
BRDA:56,5,9,21
BRDA:56,5,10,35
BRDA:56,5,11,0
BRDA:85,6,0,187
BRDA:86,7,0,5
BRDA:87,8,0,4
BRDA:92,9,0,1
BRDA:92,10,0,1
BRDA:92,11,0,4
BRDA:92,12,0,222
BRDA:92,13,0,223
BRDA:102,14,0,1
BRDA:105,15,0,0
BRDA:105,16,0,1626
BRDA:106,17,0,76
BRDA:107,18,0,13
BRDA:108,19,0,22
BRDA:110,20,0,1667
BRDA:110,20,1,1
BRDA:110,21,0,1668
BRDA:110,21,1,1667
BRDA:118,22,0,2
BRDA:118,23,0,5
BRDA:118,24,0,5
BRDA:121,25,0,3
BRDA:121,25,1,7
BRDA:121,26,0,10
BRDA:121,26,1,4
BRDA:131,27,0,379
BRDA:131,27,1,133
BRDA:131,28,0,512
BRDA:131,28,1,512
BRDA:135,29,0,0
BRDA:135,29,1,3
BRDA:140,30,0,1108
BRDA:140,31,0,1108
BRDA:145,32,0,3
BRDA:145,33,0,3
BRDA:153,34,0,2
BRDA:153,34,1,17
BRF:57
BRH:53
end_of_record
TN:
SF:src/structured/templates.ts
FNF:0
FNH:0
DA:4,2
DA:6,2
DA:15,2
DA:21,2
LF:4
LH:4
BRF:0
BRH:0
end_of_record
