TN:
SF:src/RandomJson.ts
FN:41,(anonymous_0)
FN:143,(anonymous_1)
FN:155,(anonymous_2)
FN:160,(anonymous_3)
FN:164,(anonymous_4)
FN:177,(anonymous_5)
FN:185,(anonymous_6)
FN:191,(anonymous_7)
FN:199,(anonymous_8)
FN:221,(anonymous_9)
FN:258,(anonymous_10)
FN:266,(anonymous_11)
FN:283,(anonymous_12)
FN:302,(anonymous_13)
FN:308,(anonymous_14)
FN:322,(anonymous_15)
FN:331,(anonymous_16)
FNF:17
FNH:15
FNDA:9783,(anonymous_0)
FNDA:951,(anonymous_1)
FNDA:4,(anonymous_2)
FNDA:12,(anonymous_3)
FNDA:45,(anonymous_4)
FNDA:1082,(anonymous_5)
FNDA:0,(anonymous_6)
FNDA:1,(anonymous_7)
FNDA:1,(anonymous_8)
FNDA:6,(anonymous_9)
FNDA:6,(anonymous_10)
FNDA:108,(anonymous_11)
FNDA:108,(anonymous_12)
FNDA:33,(anonymous_13)
FNDA:108,(anonymous_14)
FNDA:0,(anonymous_15)
FNDA:108,(anonymous_16)
DA:1,1
DA:25,1
DA:41,1
DA:42,9783
DA:45,1
DA:143,1
DA:144,951
DA:154,1
DA:156,4
DA:157,4
DA:161,12
DA:166,45
DA:173,45
DA:174,45
DA:178,1082
DA:179,1082
DA:180,9761
DA:181,1082
DA:182,1060
DA:186,0
DA:187,0
DA:188,0
DA:192,1
DA:200,1
DA:216,6
DA:222,6
DA:223,6
DA:224,6
DA:225,6
DA:226,6
DA:227,6
DA:228,6
DA:229,6
DA:230,6
DA:231,6
DA:239,6
DA:240,1
DA:241,1
DA:243,5
DA:251,5
DA:259,108
DA:260,6
DA:267,108
DA:268,108
DA:269,108
DA:270,108
DA:271,108
DA:272,59
DA:273,59
DA:275,49
DA:276,49
DA:284,108
DA:286,4
DA:288,11
DA:290,44
DA:292,32
DA:294,0
DA:296,12
DA:298,5
DA:303,33
DA:304,33
DA:309,108
DA:310,108
DA:311,104
DA:312,93
DA:313,49
DA:314,17
DA:315,17
DA:316,5
DA:323,0
DA:324,0
DA:325,0
DA:332,108
LF:73
LH:66
BRDA:166,0,0,38
BRDA:166,0,1,7
BRDA:168,1,0,1
BRDA:168,1,1,6
BRDA:170,2,0,1
BRDA:170,2,1,5
BRDA:173,3,0,0
BRDA:177,4,0,82
BRDA:179,5,0,98
BRDA:179,5,1,984
BRDA:181,6,0,22
BRDA:185,7,0,0
BRDA:191,8,0,1
BRDA:199,9,0,1
BRDA:221,10,0,1
BRDA:239,11,0,1
BRDA:239,11,1,5
BRDA:244,12,0,3
BRDA:244,12,1,2
BRDA:246,13,0,2
BRDA:246,13,1,0
BRDA:248,14,0,0
BRDA:248,14,1,0
BRDA:270,15,0,17
BRDA:270,16,0,108
BRDA:270,16,1,97
BRDA:271,17,0,59
BRDA:271,17,1,49
BRDA:284,18,0,4
BRDA:284,18,1,11
BRDA:284,18,2,44
BRDA:284,18,3,32
BRDA:284,18,4,0
BRDA:284,18,5,12
BRDA:284,18,6,5
BRDA:304,19,0,1
BRDA:304,19,1,32
BRDA:310,20,0,4
BRDA:311,21,0,11
BRDA:312,22,0,44
BRDA:313,23,0,32
BRDA:314,24,0,0
BRDA:315,25,0,12
BRDA:324,26,0,0
BRF:44
BRH:36
end_of_record
TN:
SF:src/number.ts
FN:1,(anonymous_0)
FNF:1
FNH:1
FNDA:37,(anonymous_0)
DA:1,1
DA:2,37
DA:3,37
DA:4,37
LF:4
LH:4
BRF:0
BRH:0
end_of_record
TN:
SF:src/string.ts
FN:37,randomString
FNF:1
FNH:1
FNDA:669,randomString
DA:37,3
DA:38,669
DA:39,334
DA:40,334
DA:42,268
DA:43,268
DA:46,14
DA:47,14
DA:48,14
DA:49,67
DA:50,14
DA:53,2
DA:54,2
DA:55,2
DA:56,4
DA:57,4
DA:59,2
DA:62,50
DA:63,50
DA:66,0
LF:20
LH:19
BRDA:38,0,0,335
BRDA:40,1,0,268
BRDA:40,1,1,14
BRDA:40,1,2,2
BRDA:40,1,3,50
BRDA:40,1,4,0
BRDA:53,2,0,1
BRF:7
BRH:6
end_of_record
TN:
SF:src/util.ts
FN:6,(anonymous_0)
FN:7,(anonymous_1)
FN:28,(anonymous_2)
FN:47,(anonymous_3)
FNF:4
FNH:4
FNDA:5,(anonymous_0)
FNDA:219,(anonymous_1)
FNDA:5,(anonymous_2)
FNDA:21,(anonymous_3)
DA:1,2
DA:3,2
DA:5,2
DA:6,2
DA:7,5
DA:8,219
DA:9,219
DA:28,2
DA:29,5
DA:30,5
DA:31,5
DA:32,5
DA:34,5
DA:38,2
DA:39,2
DA:47,2
DA:48,21
DA:49,20
DA:50,2
DA:51,2
DA:52,5
DA:53,2
DA:54,18
DA:55,3
DA:56,3
DA:57,3
DA:58,3
DA:59,3
DA:60,4
DA:61,4
DA:63,3
DA:65,15
LF:32
LH:32
BRDA:6,0,0,0
BRDA:30,1,0,0
BRDA:30,1,1,5
BRDA:34,2,0,2
BRDA:48,3,0,1
BRDA:49,4,0,2
BRDA:49,4,1,18
BRDA:54,5,0,3
BRDA:55,6,0,0
BRF:9
BRH:6
end_of_record
TN:
SF:src/__tests__/setup.ts
FN:1,(anonymous_0)
FN:2,(anonymous_1)
FNF:2
FNH:2
FNDA:34,(anonymous_0)
FNDA:161,(anonymous_1)
DA:1,1
DA:2,34
DA:3,161
DA:4,161
LF:4
LH:4
BRDA:1,0,0,32
BRF:1
BRH:1
end_of_record
TN:
SF:src/structured/TemplateJson.ts
FN:40,(anonymous_0)
FN:47,(anonymous_1)
FN:51,(anonymous_2)
FN:84,(anonymous_3)
FN:91,(anonymous_4)
FN:101,(anonymous_5)
FN:117,(anonymous_6)
FN:130,(anonymous_7)
FN:134,(anonymous_8)
FN:139,(anonymous_9)
FN:144,(anonymous_10)
FN:151,(anonymous_11)
FN:156,(anonymous_12)
FN:160,(anonymous_13)
FN:32,(anonymous_14)
FNF:15
FNH:15
FNDA:62,(anonymous_0)
FNDA:62,(anonymous_1)
FNDA:148,(anonymous_2)
FNDA:18,(anonymous_3)
FNDA:9,(anonymous_4)
FNDA:29,(anonymous_5)
FNDA:9,(anonymous_6)
FNDA:48,(anonymous_7)
FNDA:3,(anonymous_8)
FNDA:14,(anonymous_9)
FNDA:6,(anonymous_10)
FNDA:7,(anonymous_11)
FNDA:12,(anonymous_12)
FNDA:5,(anonymous_13)
FNDA:62,(anonymous_14)
DA:1,1
DA:2,1
DA:3,1
DA:4,1
DA:31,1
DA:32,1
DA:33,62
DA:34,62
DA:37,62
DA:41,62
DA:42,62
DA:44,62
DA:48,62
DA:52,148
DA:53,148
DA:54,148
DA:55,148
DA:56,148
DA:58,9
DA:60,29
DA:62,9
DA:64,48
DA:66,3
DA:68,14
DA:70,3
DA:72,7
DA:74,9
DA:76,12
DA:78,5
DA:80,0
DA:85,18
DA:86,18
DA:87,18
DA:88,18
DA:92,9
DA:93,9
DA:94,9
DA:95,9
DA:96,14
DA:97,9
DA:98,9
DA:102,29
DA:103,29
DA:104,29
DA:105,48
DA:106,48
DA:107,13
DA:108,12
DA:110,45
DA:111,45
DA:112,45
DA:114,29
DA:118,9
DA:119,9
DA:120,9
DA:121,9
DA:122,9
DA:123,18
DA:124,18
DA:125,18
DA:127,9
DA:131,48
DA:135,3
DA:136,3
DA:140,14
DA:141,14
DA:145,6
DA:146,6
DA:147,6
DA:148,6
DA:152,7
DA:153,7
DA:157,12
DA:161,5
DA:162,5
DA:163,5
LF:76
LH:75
BRDA:41,0,0,0
BRDA:42,1,0,58
BRDA:44,2,0,4
BRDA:44,2,1,58
BRDA:44,3,0,62
BRDA:44,3,1,62
BRDA:54,4,0,56
BRDA:54,4,1,92
BRDA:56,5,0,9
BRDA:56,5,1,29
BRDA:56,5,2,9
BRDA:56,5,3,48
BRDA:56,5,4,3
BRDA:56,5,5,14
BRDA:56,5,6,3
BRDA:56,5,7,7
BRDA:56,5,8,9
BRDA:56,5,9,12
BRDA:56,5,10,5
BRDA:56,5,11,0
BRDA:85,6,0,0
BRDA:86,7,0,2
BRDA:87,8,0,1
BRDA:92,9,0,1
BRDA:92,10,0,1
BRDA:92,11,0,3
BRDA:92,12,0,7
BRDA:92,13,0,8
BRDA:102,14,0,1
BRDA:105,15,0,0
BRDA:105,16,0,34
BRDA:106,17,0,13
BRDA:107,18,0,1
BRDA:108,19,0,2
BRDA:110,20,0,44
BRDA:110,20,1,1
BRDA:110,21,0,45
BRDA:110,21,1,44
BRDA:118,22,0,2
BRDA:118,23,0,5
BRDA:118,24,0,5
BRDA:121,25,0,2
BRDA:121,25,1,7
BRDA:121,26,0,9
BRDA:121,26,1,3
BRDA:131,27,0,14
BRDA:131,27,1,34
BRDA:131,28,0,48
BRDA:131,28,1,48
BRDA:135,29,0,0
BRDA:135,29,1,3
BRDA:140,30,0,8
BRDA:140,31,0,8
BRDA:145,32,0,2
BRDA:145,33,0,2
BRDA:153,34,0,2
BRDA:153,34,1,5
BRF:57
BRH:52
end_of_record
TN:
SF:src/structured/templates.ts
FNF:0
FNH:0
DA:4,1
DA:6,1
DA:15,1
DA:21,1
LF:4
LH:4
BRF:0
BRH:0
end_of_record
